Log file open, 12/04/20 20:49:41
LogInit: Display: Running engine for game: COSC471Game
LogPlatformFile: Not using cached read wrapper
LogTaskGraph: Started task graph with 5 named threads and 23 total threads with 3 sets of task threads.
LogStats: Stats thread started at 0.159432
LogD3D11RHI: Loaded GFSDK_Aftermath_Lib.x64.dll
LogICUInternationalization: ICU TimeZone Detection - Raw Offset: -5:00, Platform Override: ''
LogPluginManager: Mounting plugin Paper2D
LogPluginManager: Mounting plugin AISupport
LogPluginManager: Mounting plugin LightPropagationVolume
LogPluginManager: Mounting plugin CameraShakePreviewer
LogPluginManager: Mounting plugin ActorLayerUtilities
LogPluginManager: Mounting plugin AnimationSharing
LogPluginManager: Mounting plugin CLionSourceCodeAccess
LogPluginManager: Mounting plugin CodeLiteSourceCodeAccess
LogPluginManager: Mounting plugin GitSourceControl
LogPluginManager: Mounting plugin KDevelopSourceCodeAccess
LogPluginManager: Mounting plugin NullSourceCodeAccess
LogPluginManager: Mounting plugin PerforceSourceControl
LogPluginManager: Mounting plugin PlasticSourceControl
LogPluginManager: Mounting plugin RiderSourceCodeAccess
LogPluginManager: Mounting plugin SubversionSourceControl
LogPluginManager: Mounting plugin UObjectPlugin
LogPluginManager: Mounting plugin VisualStudioCodeSourceCodeAccess
LogPluginManager: Mounting plugin VisualStudioSourceCodeAccess
LogPluginManager: Mounting plugin XCodeSourceCodeAccess
LogPluginManager: Mounting plugin AssetManagerEditor
LogPluginManager: Mounting plugin CryptoKeys
LogPluginManager: Mounting plugin CurveEditorTools
LogPluginManager: Mounting plugin DataValidation
LogPluginManager: Mounting plugin EditorScriptingUtilities
LogPluginManager: Mounting plugin FacialAnimation
LogPluginManager: Mounting plugin GameplayTagsEditor
LogPluginManager: Mounting plugin GeometryMode
LogPluginManager: Mounting plugin MacGraphicsSwitching
LogPluginManager: Mounting plugin MaterialAnalyzer
LogPluginManager: Mounting plugin MobileLauncherProfileWizard
LogPluginManager: Mounting plugin PluginBrowser
LogPluginManager: Mounting plugin SpeedTreeImporter
LogPluginManager: Mounting plugin DatasmithContent
LogPluginManager: Mounting plugin VariantManagerContent
LogPluginManager: Mounting plugin AlembicImporter
LogPluginManager: Mounting plugin AutomationUtils
LogPluginManager: Mounting plugin BackChannel
LogPluginManager: Mounting plugin ChaosCloth
LogPluginManager: Mounting plugin ChaosClothEditor
LogPluginManager: Mounting plugin ChaosEditor
LogPluginManager: Mounting plugin ChaosNiagara
LogPluginManager: Mounting plugin ChaosSolverPlugin
LogPluginManager: Mounting plugin CharacterAI
LogPluginManager: Mounting plugin GeometryCache
LogPluginManager: Mounting plugin GeometryCollectionPlugin
LogPluginManager: Mounting plugin GeometryProcessing
LogPluginManager: Mounting plugin PlanarCut
LogPluginManager: Mounting plugin PlatformCrypto
LogPluginManager: Mounting plugin ProxyLODPlugin
LogPluginManager: Mounting plugin SkeletalReduction
LogPluginManager: Mounting plugin Niagara
LogPluginManager: Mounting plugin MagicLeap
LogPluginManager: Mounting plugin MagicLeapLightEstimation
LogPluginManager: Mounting plugin MagicLeapMedia
LogPluginManager: Mounting plugin MagicLeapPassableWorld
LogPluginManager: Mounting plugin MLSDK
LogPluginManager: Mounting plugin AndroidMedia
LogPluginManager: Mounting plugin AvfMedia
LogPluginManager: Mounting plugin ImgMedia
LogPluginManager: Mounting plugin MediaCompositing
LogPluginManager: Mounting plugin MediaPlayerEditor
LogPluginManager: Mounting plugin WebMMedia
LogPluginManager: Mounting plugin WmfMedia
LogPluginManager: Mounting plugin MeshPainting
LogPluginManager: Mounting plugin TcpMessaging
LogPluginManager: Mounting plugin UdpMessaging
LogPluginManager: Mounting plugin ActorSequence
LogPluginManager: Mounting plugin LevelSequenceEditor
LogPluginManager: Mounting plugin MatineeToLevelSequence
LogPluginManager: Mounting plugin MovieRenderPipeline
LogPluginManager: Mounting plugin TemplateSequence
LogPluginManager: Mounting plugin NetcodeUnitTest
LogPluginManager: Mounting plugin NUTUnrealEngine4
LogPluginManager: Mounting plugin OnlineSubsystemGooglePlay
LogPluginManager: Mounting plugin OnlineSubsystemIOS
LogPluginManager: Mounting plugin OnlineSubsystem
LogPluginManager: Mounting plugin OnlineSubsystemNull
LogPluginManager: Mounting plugin OnlineSubsystemUtils
LogPluginManager: Mounting plugin LauncherChunkInstaller
LogPluginManager: Mounting plugin AndroidDeviceProfileSelector
LogPluginManager: Mounting plugin AndroidMoviePlayer
LogPluginManager: Mounting plugin AndroidPermission
LogPluginManager: Mounting plugin AppleImageUtils
LogPluginManager: Mounting plugin AppleMoviePlayer
LogPluginManager: Mounting plugin ArchVisCharacter
LogPluginManager: Mounting plugin AssetTags
LogPluginManager: Mounting plugin AudioCapture
LogPluginManager: Mounting plugin CableComponent
LogPluginManager: Mounting plugin CustomMeshComponent
LogPluginManager: Mounting plugin EditableMesh
LogPluginManager: Mounting plugin ExampleDeviceProfileSelector
LogPluginManager: Mounting plugin GoogleCloudMessaging
LogPluginManager: Mounting plugin GooglePAD
LogPluginManager: Mounting plugin IOSDeviceProfileSelector
LogPluginManager: Mounting plugin LinuxDeviceProfileSelector
LogPluginManager: Mounting plugin LocationServicesBPLibrary
LogPluginManager: Mounting plugin MobilePatchingUtils
LogPluginManager: Mounting plugin OculusVR
LogPluginManager: Mounting plugin PhysXVehicles
LogPluginManager: Mounting plugin PostSplashScreen
LogPluginManager: Mounting plugin ProceduralMeshComponent
LogPluginManager: Mounting plugin RuntimePhysXCooking
LogPluginManager: Mounting plugin SignificanceManager
LogPluginManager: Mounting plugin SoundFields
LogPluginManager: Mounting plugin SteamVR
LogPluginManager: Mounting plugin Synthesis
LogPluginManager: Mounting plugin WebMMoviePlayer
LogPluginManager: Mounting plugin WindowsMoviePlayer
LogPluginManager: Mounting plugin ScreenshotTools
LogInit: Using libcurl 7.55.1-DEV
LogInit:  - built for x86_64-pc-win32
LogInit:  - supports SSL with OpenSSL/1.1.1
LogInit:  - supports HTTP deflate (compression) using libz 1.2.8
LogInit:  - other features:
LogInit:      CURL_VERSION_SSL
LogInit:      CURL_VERSION_LIBZ
LogInit:      CURL_VERSION_IPV6
LogInit:      CURL_VERSION_ASYNCHDNS
LogInit:      CURL_VERSION_LARGEFILE
LogInit:      CURL_VERSION_IDN
LogInit:  CurlRequestOptions (configurable via config and command line):
LogInit:  - bVerifyPeer = true  - Libcurl will verify peer certificate
LogInit:  - bUseHttpProxy = false  - Libcurl will NOT use HTTP proxy
LogInit:  - bDontReuseConnections = false  - Libcurl will reuse connections
LogInit:  - MaxHostConnections = 16  - Libcurl will limit the number of connections to a host
LogInit:  - LocalHostAddr = Default
LogInit:  - BufferSize = 65536
LogOnline: OSS: Creating online subsystem instance for: NULL
LogInit: WinSock: version 1.1 (2.2), MaxSocks=32767, MaxUdp=65467
LogOnline: OSS: TryLoadSubsystemAndSetDefault: Loaded subsystem for module [NULL]
LogInit: Build: ++UE4+Release-4.25-CL-14469661
LogInit: Engine Version: 4.25.4-14469661+++UE4+Release-4.25
LogInit: Compatible Engine Version: 4.25.0-13144385+++UE4+Release-4.25
LogInit: Net CL: 13144385
LogInit: OS: Windows 10 (Release 1909) (), CPU: Intel(R) Core(TM) i7-7700K CPU @ 4.20GHz, GPU: Radeon RX 580 Series
LogInit: Compiled (64-bit): Oct 11 2020 08:10:49
LogInit: Compiled with Visual C++: 19.24.28315.00
LogInit: Build Configuration: Development
LogInit: Branch Name: ++UE4+Release-4.25
LogInit: Command Line:  -EpicPortal -epicusername=Nivendo -epicuserid=45fb5df86e9944cc889d281e8fcab5e8 -epiclocale=en
LogInit: Base Directory: E:/Epic Games/UE_4.25/Engine/Binaries/Win64/
LogInit: Allocator: TBB
LogInit: Installed Engine Build: 1
LogDevObjectVersion: Number of dev versions registered: 26
LogDevObjectVersion:   Dev-Blueprints (B0D832E4-1F89-4F0D-ACCF-7EB736FD4AA2): 10
LogDevObjectVersion:   Dev-Build (E1C64328-A22C-4D53-A36C-8E866417BD8C): 0
LogDevObjectVersion:   Dev-Core (375EC13C-06E4-48FB-B500-84F0262A717E): 4
LogDevObjectVersion:   Dev-Editor (E4B068ED-F494-42E9-A231-DA0B2E46BB41): 38
LogDevObjectVersion:   Dev-Framework (CFFC743F-43B0-4480-9391-14DF171D2073): 37
LogDevObjectVersion:   Dev-Mobile (B02B49B5-BB20-44E9-A304-32B752E40360): 2
LogDevObjectVersion:   Dev-Networking (A4E4105C-59A1-49B5-A7C5-40C4547EDFEE): 0
LogDevObjectVersion:   Dev-Online (39C831C9-5AE6-47DC-9A44-9C173E1C8E7C): 0
LogDevObjectVersion:   Dev-Physics (78F01B33-EBEA-4F98-B9B4-84EACCB95AA2): 4
LogDevObjectVersion:   Dev-Platform (6631380F-2D4D-43E0-8009-CF276956A95A): 0
LogDevObjectVersion:   Dev-Rendering (12F88B9F-8875-4AFC-A67C-D90C383ABD29): 43
LogDevObjectVersion:   Dev-Sequencer (7B5AE74C-D270-4C10-A958-57980B212A5A): 12
LogDevObjectVersion:   Dev-VR (D7296918-1DD6-4BDD-9DE2-64A83CC13884): 3
LogDevObjectVersion:   Dev-LoadTimes (C2A15278-BFE7-4AFE-6C17-90FF531DF755): 1
LogDevObjectVersion:   Private-Geometry (6EACA3D4-40EC-4CC1-B786-8BED09428FC5): 3
LogDevObjectVersion:   Dev-AnimPhys (29E575DD-E0A3-4627-9D10-D276232CDCEA): 17
LogDevObjectVersion:   Dev-Anim (AF43A65D-7FD3-4947-9873-3E8ED9C1BB05): 7
LogDevObjectVersion:   Dev-ReflectionCapture (6B266CEC-1EC7-4B8F-A30B-E4D90942FC07): 1
LogDevObjectVersion:   Dev-Automation (0DF73D61-A23F-47EA-B727-89E90C41499A): 1
LogDevObjectVersion:   FortniteMain (601D1886-AC64-4F84-AA16-D3DE0DEAC7D6): 31
LogDevObjectVersion:   Dev-Enterprise (9DFFBCD6-494F-0158-E221-12823C92A888): 10
LogDevObjectVersion:   Dev-Niagara (F2AED0AC-9AFE-416F-8664-AA7FFA26D6FC): 1
LogDevObjectVersion:   Dev-Destruction (174F1F0B-B4C6-45A5-B13F-2EE8D0FB917D): 10
LogDevObjectVersion:   Dev-Physics-Ext (35F94A83-E258-406C-A318-09F59610247C): 37
LogDevObjectVersion:   Dev-PhysicsMaterial-Chaos (B68FC16E-8B1B-42E2-B453-215C058844FE): 1
LogDevObjectVersion:   Dev-CineCamera (B2E18506-4273-CFC2-A54E-F4BB758BBA07): 1
LogInit: Presizing for max 25165824 objects, including 0 objects not considered by GC, pre-allocating 0 bytes for permanent pool.
LogConfig: Applying CVar settings from Section [/Script/Engine.StreamingSettings] File [C:/Users/Niven/Documents/GitHub/UnrealEngineCOSC471/COSC471Game/Saved/Config/Windows/Engine.ini]
LogConfig: Setting CVar [[s.MinBulkDataSizeForAsyncLoading:131072]]
LogConfig: Setting CVar [[s.AsyncLoadingThreadEnabled:0]]
LogConfig: Setting CVar [[s.EventDrivenLoaderEnabled:1]]
LogConfig: Setting CVar [[s.WarnIfTimeLimitExceeded:0]]
LogConfig: Setting CVar [[s.TimeLimitExceededMultiplier:1.5]]
LogConfig: Setting CVar [[s.TimeLimitExceededMinTime:0.005]]
LogConfig: Setting CVar [[s.UseBackgroundLevelStreaming:1]]
LogConfig: Setting CVar [[s.PriorityAsyncLoadingExtraTime:15.0]]
LogConfig: Setting CVar [[s.LevelStreamingActorsUpdateTimeLimit:5.0]]
LogConfig: Setting CVar [[s.PriorityLevelStreamingActorsUpdateExtraTime:5.0]]
LogConfig: Setting CVar [[s.LevelStreamingComponentsRegistrationGranularity:10]]
LogConfig: Setting CVar [[s.UnregisterComponentsTimeLimit:1.0]]
LogConfig: Setting CVar [[s.LevelStreamingComponentsUnregistrationGranularity:5]]
LogConfig: Setting CVar [[s.FlushStreamingOnExit:1]]
LogInit: Object subsystem initialized
LogConfig: Setting CVar [[con.DebugEarlyDefault:1]]
LogConfig: Setting CVar [[r.setres:1280x720]]
[2020.12.05-01.49.41:515][  0]LogConfig: Setting CVar [[r.VSync:0]]
[2020.12.05-01.49.41:515][  0]LogConfig: Setting CVar [[r.RHICmdBypass:0]]
[2020.12.05-01.49.41:515][  0]LogConfig: Applying CVar settings from Section [/Script/Engine.RendererSettings] File [C:/Users/Niven/Documents/GitHub/UnrealEngineCOSC471/COSC471Game/Saved/Config/Windows/Engine.ini]
[2020.12.05-01.49.41:515][  0]LogConfig: Setting CVar [[r.GPUCrashDebugging:0]]
[2020.12.05-01.49.41:515][  0]LogConfig: Applying CVar settings from Section [/Script/Engine.RendererOverrideSettings] File [C:/Users/Niven/Documents/GitHub/UnrealEngineCOSC471/COSC471Game/Saved/Config/Windows/Engine.ini]
[2020.12.05-01.49.41:515][  0]LogConfig: Applying CVar settings from Section [/Script/Engine.StreamingSettings] File [C:/Users/Niven/Documents/GitHub/UnrealEngineCOSC471/COSC471Game/Saved/Config/Windows/Engine.ini]
[2020.12.05-01.49.41:515][  0]LogConfig: Setting CVar [[s.MinBulkDataSizeForAsyncLoading:131072]]
[2020.12.05-01.49.41:515][  0]LogConfig: Setting CVar [[s.AsyncLoadingThreadEnabled:0]]
[2020.12.05-01.49.41:515][  0]LogConfig: Setting CVar [[s.EventDrivenLoaderEnabled:1]]
[2020.12.05-01.49.41:515][  0]LogConfig: Setting CVar [[s.WarnIfTimeLimitExceeded:0]]
[2020.12.05-01.49.41:515][  0]LogConfig: Setting CVar [[s.TimeLimitExceededMultiplier:1.5]]
[2020.12.05-01.49.41:515][  0]LogConfig: Setting CVar [[s.TimeLimitExceededMinTime:0.005]]
[2020.12.05-01.49.41:515][  0]LogConfig: Setting CVar [[s.UseBackgroundLevelStreaming:1]]
[2020.12.05-01.49.41:515][  0]LogConfig: Setting CVar [[s.PriorityAsyncLoadingExtraTime:15.0]]
[2020.12.05-01.49.41:515][  0]LogConfig: Setting CVar [[s.LevelStreamingActorsUpdateTimeLimit:5.0]]
[2020.12.05-01.49.41:515][  0]LogConfig: Setting CVar [[s.PriorityLevelStreamingActorsUpdateExtraTime:5.0]]
[2020.12.05-01.49.41:515][  0]LogConfig: Setting CVar [[s.LevelStreamingComponentsRegistrationGranularity:10]]
[2020.12.05-01.49.41:515][  0]LogConfig: Setting CVar [[s.UnregisterComponentsTimeLimit:1.0]]
[2020.12.05-01.49.41:515][  0]LogConfig: Setting CVar [[s.LevelStreamingComponentsUnregistrationGranularity:5]]
[2020.12.05-01.49.41:515][  0]LogConfig: Setting CVar [[s.FlushStreamingOnExit:1]]
[2020.12.05-01.49.41:515][  0]LogConfig: Applying CVar settings from Section [/Script/Engine.GarbageCollectionSettings] File [C:/Users/Niven/Documents/GitHub/UnrealEngineCOSC471/COSC471Game/Saved/Config/Windows/Engine.ini]
[2020.12.05-01.49.41:515][  0]LogConfig: Setting CVar [[gc.MaxObjectsNotConsideredByGC:1]]
[2020.12.05-01.49.41:515][  0]LogConfig: Setting CVar [[gc.SizeOfPermanentObjectPool:0]]
[2020.12.05-01.49.41:515][  0]LogConfig: Setting CVar [[gc.FlushStreamingOnGC:0]]
[2020.12.05-01.49.41:515][  0]LogConfig: Setting CVar [[gc.NumRetriesBeforeForcingGC:10]]
[2020.12.05-01.49.41:515][  0]LogConfig: Setting CVar [[gc.AllowParallelGC:1]]
[2020.12.05-01.49.41:515][  0]LogConfig: Setting CVar [[gc.TimeBetweenPurgingPendingKillObjects:61.1]]
[2020.12.05-01.49.41:515][  0]LogConfig: Setting CVar [[gc.MaxObjectsInEditor:25165824]]
[2020.12.05-01.49.41:515][  0]LogConfig: Setting CVar [[gc.IncrementalBeginDestroyEnabled:1]]
[2020.12.05-01.49.41:515][  0]LogConfig: Setting CVar [[gc.CreateGCClusters:1]]
[2020.12.05-01.49.41:515][  0]LogConfig: Setting CVar [[gc.MinGCClusterSize:5]]
[2020.12.05-01.49.41:515][  0]LogConfig: Setting CVar [[gc.ActorClusteringEnabled:0]]
[2020.12.05-01.49.41:515][  0]LogConfig: Setting CVar [[gc.BlueprintClusteringEnabled:0]]
[2020.12.05-01.49.41:515][  0]LogConfig: Setting CVar [[gc.UseDisregardForGCOnDedicatedServers:0]]
[2020.12.05-01.49.41:515][  0]LogConfig: Applying CVar settings from Section [/Script/Engine.NetworkSettings] File [C:/Users/Niven/Documents/GitHub/UnrealEngineCOSC471/COSC471Game/Saved/Config/Windows/Engine.ini]
[2020.12.05-01.49.41:515][  0]LogConfig: Applying CVar settings from Section [/Script/UnrealEd.CookerSettings] File [C:/Users/Niven/Documents/GitHub/UnrealEngineCOSC471/COSC471Game/Saved/Config/Windows/Engine.ini]
[2020.12.05-01.49.41:522][  0]LogConfig: Applying CVar settings from Section [ViewDistanceQuality@3] File [C:/Users/Niven/Documents/GitHub/UnrealEngineCOSC471/COSC471Game/Saved/Config/Windows/Scalability.ini]
[2020.12.05-01.49.41:522][  0]LogConfig: Setting CVar [[r.SkeletalMeshLODBias:0]]
[2020.12.05-01.49.41:522][  0]LogConfig: Setting CVar [[r.ViewDistanceScale:1.0]]
[2020.12.05-01.49.41:522][  0]LogConfig: Applying CVar settings from Section [AntiAliasingQuality@3] File [C:/Users/Niven/Documents/GitHub/UnrealEngineCOSC471/COSC471Game/Saved/Config/Windows/Scalability.ini]
[2020.12.05-01.49.41:522][  0]LogConfig: Setting CVar [[r.PostProcessAAQuality:4]]
[2020.12.05-01.49.41:522][  0]LogConfig: Applying CVar settings from Section [ShadowQuality@3] File [C:/Users/Niven/Documents/GitHub/UnrealEngineCOSC471/COSC471Game/Saved/Config/Windows/Scalability.ini]
[2020.12.05-01.49.41:522][  0]LogConfig: Setting CVar [[r.LightFunctionQuality:1]]
[2020.12.05-01.49.41:522][  0]LogConfig: Setting CVar [[r.ShadowQuality:5]]
[2020.12.05-01.49.41:522][  0]LogConfig: Setting CVar [[r.Shadow.CSM.MaxCascades:10]]
[2020.12.05-01.49.41:522][  0]LogConfig: Setting CVar [[r.Shadow.MaxResolution:2048]]
[2020.12.05-01.49.41:522][  0]LogConfig: Setting CVar [[r.Shadow.MaxCSMResolution:2048]]
[2020.12.05-01.49.41:522][  0]LogConfig: Setting CVar [[r.Shadow.RadiusThreshold:0.01]]
[2020.12.05-01.49.41:522][  0]LogConfig: Setting CVar [[r.Shadow.DistanceScale:1.0]]
[2020.12.05-01.49.41:522][  0]LogConfig: Setting CVar [[r.Shadow.CSM.TransitionScale:1.0]]
[2020.12.05-01.49.41:522][  0]LogConfig: Setting CVar [[r.Shadow.PreShadowResolutionFactor:1.0]]
[2020.12.05-01.49.41:522][  0]LogConfig: Setting CVar [[r.DistanceFieldShadowing:1]]
[2020.12.05-01.49.41:522][  0]LogConfig: Setting CVar [[r.DistanceFieldAO:1]]
[2020.12.05-01.49.41:522][  0]LogConfig: Setting CVar [[r.AOQuality:2]]
[2020.12.05-01.49.41:522][  0]LogConfig: Setting CVar [[r.VolumetricFog:1]]
[2020.12.05-01.49.41:522][  0]LogConfig: Setting CVar [[r.VolumetricFog.GridPixelSize:8]]
[2020.12.05-01.49.41:522][  0]LogConfig: Setting CVar [[r.VolumetricFog.GridSizeZ:128]]
[2020.12.05-01.49.41:522][  0]LogConfig: Setting CVar [[r.VolumetricFog.HistoryMissSupersampleCount:4]]
[2020.12.05-01.49.41:522][  0]LogConfig: Setting CVar [[r.LightMaxDrawDistanceScale:1]]
[2020.12.05-01.49.41:522][  0]LogConfig: Setting CVar [[r.CapsuleShadows:1]]
[2020.12.05-01.49.41:522][  0]LogConfig: Applying CVar settings from Section [PostProcessQuality@3] File [C:/Users/Niven/Documents/GitHub/UnrealEngineCOSC471/COSC471Game/Saved/Config/Windows/Scalability.ini]
[2020.12.05-01.49.41:522][  0]LogConfig: Setting CVar [[r.MotionBlurQuality:4]]
[2020.12.05-01.49.41:522][  0]LogConfig: Setting CVar [[r.AmbientOcclusionMipLevelFactor:0.4]]
[2020.12.05-01.49.41:522][  0]LogConfig: Setting CVar [[r.AmbientOcclusionMaxQuality:100]]
[2020.12.05-01.49.41:522][  0]LogConfig: Setting CVar [[r.AmbientOcclusionLevels:-1]]
[2020.12.05-01.49.41:522][  0]LogConfig: Setting CVar [[r.AmbientOcclusionRadiusScale:1.0]]
[2020.12.05-01.49.41:522][  0]LogConfig: Setting CVar [[r.DepthOfFieldQuality:2]]
[2020.12.05-01.49.41:522][  0]LogConfig: Setting CVar [[r.RenderTargetPoolMin:400]]
[2020.12.05-01.49.41:522][  0]LogConfig: Setting CVar [[r.LensFlareQuality:2]]
[2020.12.05-01.49.41:522][  0]LogConfig: Setting CVar [[r.SceneColorFringeQuality:1]]
[2020.12.05-01.49.41:522][  0]LogConfig: Setting CVar [[r.EyeAdaptationQuality:2]]
[2020.12.05-01.49.41:522][  0]LogConfig: Setting CVar [[r.BloomQuality:5]]
[2020.12.05-01.49.41:522][  0]LogConfig: Setting CVar [[r.FastBlurThreshold:100]]
[2020.12.05-01.49.41:522][  0]LogConfig: Setting CVar [[r.Upscale.Quality:3]]
[2020.12.05-01.49.41:522][  0]LogConfig: Setting CVar [[r.Tonemapper.GrainQuantization:1]]
[2020.12.05-01.49.41:522][  0]LogConfig: Setting CVar [[r.LightShaftQuality:1]]
[2020.12.05-01.49.41:522][  0]LogConfig: Setting CVar [[r.Filter.SizeScale:1]]
[2020.12.05-01.49.41:522][  0]LogConfig: Setting CVar [[r.Tonemapper.Quality:5]]
[2020.12.05-01.49.41:522][  0]LogConfig: Setting CVar [[r.DOF.Gather.AccumulatorQuality:1        ; higher gathering accumulator quality]]
[2020.12.05-01.49.41:522][  0]LogConfig: Setting CVar [[r.DOF.Gather.PostfilterMethod:1          ; Median3x3 postfilering method]]
[2020.12.05-01.49.41:522][  0]LogConfig: Setting CVar [[r.DOF.Gather.EnableBokehSettings:0       ; no bokeh simulation when gathering]]
[2020.12.05-01.49.41:522][  0]LogConfig: Setting CVar [[r.DOF.Gather.RingCount:4                 ; medium number of samples when gathering]]
[2020.12.05-01.49.41:522][  0]LogConfig: Setting CVar [[r.DOF.Scatter.ForegroundCompositing:1    ; additive foreground scattering]]
[2020.12.05-01.49.41:522][  0]LogConfig: Setting CVar [[r.DOF.Scatter.BackgroundCompositing:2    ; additive background scattering]]
[2020.12.05-01.49.41:522][  0]LogConfig: Setting CVar [[r.DOF.Scatter.EnableBokehSettings:1      ; bokeh simulation when scattering]]
[2020.12.05-01.49.41:522][  0]LogConfig: Setting CVar [[r.DOF.Scatter.MaxSpriteRatio:0.1         ; only a maximum of 10% of scattered bokeh]]
[2020.12.05-01.49.41:522][  0]LogConfig: Setting CVar [[r.DOF.Recombine.Quality:1                ; cheap slight out of focus]]
[2020.12.05-01.49.41:522][  0]LogConfig: Setting CVar [[r.DOF.Recombine.EnableBokehSettings:0    ; no bokeh simulation on slight out of focus]]
[2020.12.05-01.49.41:522][  0]LogConfig: Setting CVar [[r.DOF.TemporalAAQuality:1                ; more stable temporal accumulation]]
[2020.12.05-01.49.41:522][  0]LogConfig: Setting CVar [[r.DOF.Kernel.MaxForegroundRadius:0.025]]
[2020.12.05-01.49.41:522][  0]LogConfig: Setting CVar [[r.DOF.Kernel.MaxBackgroundRadius:0.025]]
[2020.12.05-01.49.41:522][  0]LogConfig: Applying CVar settings from Section [TextureQuality@3] File [C:/Users/Niven/Documents/GitHub/UnrealEngineCOSC471/COSC471Game/Saved/Config/Windows/Scalability.ini]
[2020.12.05-01.49.41:522][  0]LogConfig: Setting CVar [[r.Streaming.MipBias:0]]
[2020.12.05-01.49.41:522][  0]LogConfig: Setting CVar [[r.Streaming.AmortizeCPUToGPUCopy:0]]
[2020.12.05-01.49.41:522][  0]LogConfig: Setting CVar [[r.Streaming.MaxNumTexturesToStreamPerFrame:0]]
[2020.12.05-01.49.41:522][  0]LogConfig: Setting CVar [[r.Streaming.Boost:1]]
[2020.12.05-01.49.41:522][  0]LogConfig: Setting CVar [[r.MaxAnisotropy:8]]
[2020.12.05-01.49.41:522][  0]LogConfig: Setting CVar [[r.VT.MaxAnisotropy:8]]
[2020.12.05-01.49.41:522][  0]LogConfig: Setting CVar [[r.Streaming.LimitPoolSizeToVRAM:0]]
[2020.12.05-01.49.41:522][  0]LogConfig: Setting CVar [[r.Streaming.PoolSize:1000]]
[2020.12.05-01.49.41:522][  0]LogConfig: Setting CVar [[r.Streaming.MaxEffectiveScreenSize:0]]
[2020.12.05-01.49.41:522][  0]LogConfig: Applying CVar settings from Section [EffectsQuality@3] File [C:/Users/Niven/Documents/GitHub/UnrealEngineCOSC471/COSC471Game/Saved/Config/Windows/Scalability.ini]
[2020.12.05-01.49.41:522][  0]LogConfig: Setting CVar [[r.TranslucencyLightingVolumeDim:64]]
[2020.12.05-01.49.41:522][  0]LogConfig: Setting CVar [[r.RefractionQuality:2]]
[2020.12.05-01.49.41:522][  0]LogConfig: Setting CVar [[r.SSR.Quality:3]]
[2020.12.05-01.49.41:522][  0]LogConfig: Setting CVar [[r.SSR.HalfResSceneColor:0]]
[2020.12.05-01.49.41:522][  0]LogConfig: Setting CVar [[r.SceneColorFormat:4]]
[2020.12.05-01.49.41:522][  0]LogConfig: Setting CVar [[r.DetailMode:2]]
[2020.12.05-01.49.41:522][  0]LogConfig: Setting CVar [[r.TranslucencyVolumeBlur:1]]
[2020.12.05-01.49.41:522][  0]LogConfig: Setting CVar [[r.MaterialQualityLevel:1 ; High quality]]
[2020.12.05-01.49.41:522][  0]LogConfig: Setting CVar [[r.SSS.Scale:1]]
[2020.12.05-01.49.41:522][  0]LogConfig: Setting CVar [[r.SSS.SampleSet:2]]
[2020.12.05-01.49.41:522][  0]LogConfig: Setting CVar [[r.SSS.Quality:1]]
[2020.12.05-01.49.41:522][  0]LogConfig: Setting CVar [[r.SSS.HalfRes:0]]
[2020.12.05-01.49.41:522][  0]LogConfig: Setting CVar [[r.SSGI.Quality:3]]
[2020.12.05-01.49.41:522][  0]LogConfig: Setting CVar [[r.EmitterSpawnRateScale:1.0]]
[2020.12.05-01.49.41:522][  0]LogConfig: Setting CVar [[r.ParticleLightQuality:2]]
[2020.12.05-01.49.41:522][  0]LogConfig: Setting CVar [[r.SkyAtmosphere.AerialPerspectiveLUT.FastApplyOnOpaque:1 ; Always have FastSkyLUT 1 in this case to avoid wrong sky]]
[2020.12.05-01.49.41:522][  0]LogConfig: Setting CVar [[r.SkyAtmosphere.AerialPerspectiveLUT.SampleCountPerSlice:1]]
[2020.12.05-01.49.41:522][  0]LogConfig: Setting CVar [[r.SkyAtmosphere.AerialPerspectiveLUT.DepthResolution:16.0]]
[2020.12.05-01.49.41:522][  0]LogConfig: Setting CVar [[r.SkyAtmosphere.FastSkyLUT:1]]
[2020.12.05-01.49.41:522][  0]LogConfig: Setting CVar [[r.SkyAtmosphere.FastSkyLUT.SampleCountMin:4.0]]
[2020.12.05-01.49.41:522][  0]LogConfig: Setting CVar [[r.SkyAtmosphere.FastSkyLUT.SampleCountMax:32.0]]
[2020.12.05-01.49.41:523][  0]LogConfig: Setting CVar [[r.SkyAtmosphere.SampleCountMin:4.0]]
[2020.12.05-01.49.41:523][  0]LogConfig: Setting CVar [[r.SkyAtmosphere.SampleCountMax:32.0]]
[2020.12.05-01.49.41:523][  0]LogConfig: Setting CVar [[r.SkyAtmosphere.TransmittanceLUT.UseSmallFormat:0]]
[2020.12.05-01.49.41:523][  0]LogConfig: Setting CVar [[r.SkyAtmosphere.TransmittanceLUT.SampleCount:10.0]]
[2020.12.05-01.49.41:523][  0]LogConfig: Setting CVar [[r.SkyAtmosphere.MultiScatteringLUT.SampleCount:15.0]]
[2020.12.05-01.49.41:523][  0]LogConfig: Applying CVar settings from Section [FoliageQuality@3] File [C:/Users/Niven/Documents/GitHub/UnrealEngineCOSC471/COSC471Game/Saved/Config/Windows/Scalability.ini]
[2020.12.05-01.49.41:523][  0]LogConfig: Setting CVar [[foliage.DensityScale:1.0]]
[2020.12.05-01.49.41:523][  0]LogConfig: Setting CVar [[grass.DensityScale:1.0]]
[2020.12.05-01.49.41:523][  0]LogConfig: Applying CVar settings from Section [ShadingQuality@3] File [C:/Users/Niven/Documents/GitHub/UnrealEngineCOSC471/COSC471Game/Saved/Config/Windows/Scalability.ini]
[2020.12.05-01.49.41:523][  0]LogConfig: Setting CVar [[r.HairStrands.SkyLighting.SampleCount:16]]
[2020.12.05-01.49.41:523][  0]LogConfig: Setting CVar [[r.HairStrands.SkyLighting.JitterIntegration:0]]
[2020.12.05-01.49.41:523][  0]LogConfig: Setting CVar [[r.HairStrands.SkyAO.SampleCount:16]]
[2020.12.05-01.49.41:523][  0]LogConfig: Setting CVar [[r.HairStrands.DeepShadow.SuperSampling:0]]
[2020.12.05-01.49.41:523][  0]LogConfig: Setting CVar [[r.HairStrands.VisibilityPPLL:0]]
[2020.12.05-01.49.41:523][  0]LogConfig: Setting CVar [[r.HairStrands.RasterizationScale:0.5]]
[2020.12.05-01.49.41:523][  0]LogConfig: Setting CVar [[r.HairStrands.VelocityRasterizationScale:1]]
[2020.12.05-01.49.41:523][  0]LogInit: Selected Device Profile: [Windows]
[2020.12.05-01.49.41:523][  0]LogInit: Applying CVar settings loaded from the selected device profile: [Windows]
[2020.12.05-01.49.41:523][  0]LogHAL: Display: Platform has ~ 16 GB [17101082624 / 17179869184 / 16], which maps to Larger [LargestMinGB=32, LargerMinGB=12, DefaultMinGB=8, SmallerMinGB=6, SmallestMinGB=0)
[2020.12.05-01.49.41:523][  0]LogInit: Going up to parent DeviceProfile []
[2020.12.05-01.49.41:523][  0]LogConfig: Applying CVar settings from Section [ViewDistanceQuality@3] File [C:/Users/Niven/Documents/GitHub/UnrealEngineCOSC471/COSC471Game/Saved/Config/Windows/Scalability.ini]
[2020.12.05-01.49.41:523][  0]LogConfig: Setting CVar [[r.SkeletalMeshLODBias:0]]
[2020.12.05-01.49.41:523][  0]LogConfig: Setting CVar [[r.ViewDistanceScale:1.0]]
[2020.12.05-01.49.41:523][  0]LogConfig: Applying CVar settings from Section [AntiAliasingQuality@3] File [C:/Users/Niven/Documents/GitHub/UnrealEngineCOSC471/COSC471Game/Saved/Config/Windows/Scalability.ini]
[2020.12.05-01.49.41:523][  0]LogConfig: Setting CVar [[r.PostProcessAAQuality:4]]
[2020.12.05-01.49.41:523][  0]LogConfig: Applying CVar settings from Section [ShadowQuality@3] File [C:/Users/Niven/Documents/GitHub/UnrealEngineCOSC471/COSC471Game/Saved/Config/Windows/Scalability.ini]
[2020.12.05-01.49.41:523][  0]LogConfig: Setting CVar [[r.LightFunctionQuality:1]]
[2020.12.05-01.49.41:523][  0]LogConfig: Setting CVar [[r.ShadowQuality:5]]
[2020.12.05-01.49.41:523][  0]LogConfig: Setting CVar [[r.Shadow.CSM.MaxCascades:10]]
[2020.12.05-01.49.41:523][  0]LogConfig: Setting CVar [[r.Shadow.MaxResolution:2048]]
[2020.12.05-01.49.41:523][  0]LogConfig: Setting CVar [[r.Shadow.MaxCSMResolution:2048]]
[2020.12.05-01.49.41:523][  0]LogConfig: Setting CVar [[r.Shadow.RadiusThreshold:0.01]]
[2020.12.05-01.49.41:523][  0]LogConfig: Setting CVar [[r.Shadow.DistanceScale:1.0]]
[2020.12.05-01.49.41:523][  0]LogConfig: Setting CVar [[r.Shadow.CSM.TransitionScale:1.0]]
[2020.12.05-01.49.41:523][  0]LogConfig: Setting CVar [[r.Shadow.PreShadowResolutionFactor:1.0]]
[2020.12.05-01.49.41:523][  0]LogConfig: Setting CVar [[r.DistanceFieldShadowing:1]]
[2020.12.05-01.49.41:523][  0]LogConfig: Setting CVar [[r.DistanceFieldAO:1]]
[2020.12.05-01.49.41:523][  0]LogConfig: Setting CVar [[r.AOQuality:2]]
[2020.12.05-01.49.41:523][  0]LogConfig: Setting CVar [[r.VolumetricFog:1]]
[2020.12.05-01.49.41:523][  0]LogConfig: Setting CVar [[r.VolumetricFog.GridPixelSize:8]]
[2020.12.05-01.49.41:523][  0]LogConfig: Setting CVar [[r.VolumetricFog.GridSizeZ:128]]
[2020.12.05-01.49.41:523][  0]LogConfig: Setting CVar [[r.VolumetricFog.HistoryMissSupersampleCount:4]]
[2020.12.05-01.49.41:523][  0]LogConfig: Setting CVar [[r.LightMaxDrawDistanceScale:1]]
[2020.12.05-01.49.41:523][  0]LogConfig: Setting CVar [[r.CapsuleShadows:1]]
[2020.12.05-01.49.41:523][  0]LogConfig: Applying CVar settings from Section [PostProcessQuality@3] File [C:/Users/Niven/Documents/GitHub/UnrealEngineCOSC471/COSC471Game/Saved/Config/Windows/Scalability.ini]
[2020.12.05-01.49.41:523][  0]LogConfig: Setting CVar [[r.MotionBlurQuality:4]]
[2020.12.05-01.49.41:523][  0]LogConfig: Setting CVar [[r.AmbientOcclusionMipLevelFactor:0.4]]
[2020.12.05-01.49.41:523][  0]LogConfig: Setting CVar [[r.AmbientOcclusionMaxQuality:100]]
[2020.12.05-01.49.41:523][  0]LogConfig: Setting CVar [[r.AmbientOcclusionLevels:-1]]
[2020.12.05-01.49.41:523][  0]LogConfig: Setting CVar [[r.AmbientOcclusionRadiusScale:1.0]]
[2020.12.05-01.49.41:523][  0]LogConfig: Setting CVar [[r.DepthOfFieldQuality:2]]
[2020.12.05-01.49.41:523][  0]LogConfig: Setting CVar [[r.RenderTargetPoolMin:400]]
[2020.12.05-01.49.41:523][  0]LogConfig: Setting CVar [[r.LensFlareQuality:2]]
[2020.12.05-01.49.41:523][  0]LogConfig: Setting CVar [[r.SceneColorFringeQuality:1]]
[2020.12.05-01.49.41:523][  0]LogConfig: Setting CVar [[r.EyeAdaptationQuality:2]]
[2020.12.05-01.49.41:523][  0]LogConfig: Setting CVar [[r.BloomQuality:5]]
[2020.12.05-01.49.41:523][  0]LogConfig: Setting CVar [[r.FastBlurThreshold:100]]
[2020.12.05-01.49.41:523][  0]LogConfig: Setting CVar [[r.Upscale.Quality:3]]
[2020.12.05-01.49.41:523][  0]LogConfig: Setting CVar [[r.Tonemapper.GrainQuantization:1]]
[2020.12.05-01.49.41:523][  0]LogConfig: Setting CVar [[r.LightShaftQuality:1]]
[2020.12.05-01.49.41:523][  0]LogConfig: Setting CVar [[r.Filter.SizeScale:1]]
[2020.12.05-01.49.41:523][  0]LogConfig: Setting CVar [[r.Tonemapper.Quality:5]]
[2020.12.05-01.49.41:523][  0]LogConfig: Setting CVar [[r.DOF.Gather.AccumulatorQuality:1        ; higher gathering accumulator quality]]
[2020.12.05-01.49.41:523][  0]LogConfig: Setting CVar [[r.DOF.Gather.PostfilterMethod:1          ; Median3x3 postfilering method]]
[2020.12.05-01.49.41:523][  0]LogConfig: Setting CVar [[r.DOF.Gather.EnableBokehSettings:0       ; no bokeh simulation when gathering]]
[2020.12.05-01.49.41:523][  0]LogConfig: Setting CVar [[r.DOF.Gather.RingCount:4                 ; medium number of samples when gathering]]
[2020.12.05-01.49.41:523][  0]LogConfig: Setting CVar [[r.DOF.Scatter.ForegroundCompositing:1    ; additive foreground scattering]]
[2020.12.05-01.49.41:523][  0]LogConfig: Setting CVar [[r.DOF.Scatter.BackgroundCompositing:2    ; additive background scattering]]
[2020.12.05-01.49.41:523][  0]LogConfig: Setting CVar [[r.DOF.Scatter.EnableBokehSettings:1      ; bokeh simulation when scattering]]
[2020.12.05-01.49.41:523][  0]LogConfig: Setting CVar [[r.DOF.Scatter.MaxSpriteRatio:0.1         ; only a maximum of 10% of scattered bokeh]]
[2020.12.05-01.49.41:523][  0]LogConfig: Setting CVar [[r.DOF.Recombine.Quality:1                ; cheap slight out of focus]]
[2020.12.05-01.49.41:523][  0]LogConfig: Setting CVar [[r.DOF.Recombine.EnableBokehSettings:0    ; no bokeh simulation on slight out of focus]]
[2020.12.05-01.49.41:523][  0]LogConfig: Setting CVar [[r.DOF.TemporalAAQuality:1                ; more stable temporal accumulation]]
[2020.12.05-01.49.41:523][  0]LogConfig: Setting CVar [[r.DOF.Kernel.MaxForegroundRadius:0.025]]
[2020.12.05-01.49.41:523][  0]LogConfig: Setting CVar [[r.DOF.Kernel.MaxBackgroundRadius:0.025]]
[2020.12.05-01.49.41:523][  0]LogConfig: Applying CVar settings from Section [TextureQuality@3] File [C:/Users/Niven/Documents/GitHub/UnrealEngineCOSC471/COSC471Game/Saved/Config/Windows/Scalability.ini]
[2020.12.05-01.49.41:523][  0]LogConfig: Setting CVar [[r.Streaming.MipBias:0]]
[2020.12.05-01.49.41:523][  0]LogConfig: Setting CVar [[r.Streaming.AmortizeCPUToGPUCopy:0]]
[2020.12.05-01.49.41:523][  0]LogConfig: Setting CVar [[r.Streaming.MaxNumTexturesToStreamPerFrame:0]]
[2020.12.05-01.49.41:523][  0]LogConfig: Setting CVar [[r.Streaming.Boost:1]]
[2020.12.05-01.49.41:523][  0]LogConfig: Setting CVar [[r.MaxAnisotropy:8]]
[2020.12.05-01.49.41:523][  0]LogConfig: Setting CVar [[r.VT.MaxAnisotropy:8]]
[2020.12.05-01.49.41:523][  0]LogConfig: Setting CVar [[r.Streaming.LimitPoolSizeToVRAM:0]]
[2020.12.05-01.49.41:523][  0]LogConfig: Setting CVar [[r.Streaming.PoolSize:1000]]
[2020.12.05-01.49.41:523][  0]LogConfig: Setting CVar [[r.Streaming.MaxEffectiveScreenSize:0]]
[2020.12.05-01.49.41:523][  0]LogConfig: Applying CVar settings from Section [EffectsQuality@3] File [C:/Users/Niven/Documents/GitHub/UnrealEngineCOSC471/COSC471Game/Saved/Config/Windows/Scalability.ini]
[2020.12.05-01.49.41:523][  0]LogConfig: Setting CVar [[r.TranslucencyLightingVolumeDim:64]]
[2020.12.05-01.49.41:523][  0]LogConfig: Setting CVar [[r.RefractionQuality:2]]
[2020.12.05-01.49.41:523][  0]LogConfig: Setting CVar [[r.SSR.Quality:3]]
[2020.12.05-01.49.41:523][  0]LogConfig: Setting CVar [[r.SSR.HalfResSceneColor:0]]
[2020.12.05-01.49.41:523][  0]LogConfig: Setting CVar [[r.SceneColorFormat:4]]
[2020.12.05-01.49.41:523][  0]LogConfig: Setting CVar [[r.DetailMode:2]]
[2020.12.05-01.49.41:523][  0]LogConfig: Setting CVar [[r.TranslucencyVolumeBlur:1]]
[2020.12.05-01.49.41:524][  0]LogConfig: Setting CVar [[r.MaterialQualityLevel:1 ; High quality]]
[2020.12.05-01.49.41:524][  0]LogConfig: Setting CVar [[r.SSS.Scale:1]]
[2020.12.05-01.49.41:524][  0]LogConfig: Setting CVar [[r.SSS.SampleSet:2]]
[2020.12.05-01.49.41:524][  0]LogConfig: Setting CVar [[r.SSS.Quality:1]]
[2020.12.05-01.49.41:524][  0]LogConfig: Setting CVar [[r.SSS.HalfRes:0]]
[2020.12.05-01.49.41:524][  0]LogConfig: Setting CVar [[r.SSGI.Quality:3]]
[2020.12.05-01.49.41:524][  0]LogConfig: Setting CVar [[r.EmitterSpawnRateScale:1.0]]
[2020.12.05-01.49.41:524][  0]LogConfig: Setting CVar [[r.ParticleLightQuality:2]]
[2020.12.05-01.49.41:524][  0]LogConfig: Setting CVar [[r.SkyAtmosphere.AerialPerspectiveLUT.FastApplyOnOpaque:1 ; Always have FastSkyLUT 1 in this case to avoid wrong sky]]
[2020.12.05-01.49.41:524][  0]LogConfig: Setting CVar [[r.SkyAtmosphere.AerialPerspectiveLUT.SampleCountPerSlice:1]]
[2020.12.05-01.49.41:524][  0]LogConfig: Setting CVar [[r.SkyAtmosphere.AerialPerspectiveLUT.DepthResolution:16.0]]
[2020.12.05-01.49.41:524][  0]LogConfig: Setting CVar [[r.SkyAtmosphere.FastSkyLUT:1]]
[2020.12.05-01.49.41:524][  0]LogConfig: Setting CVar [[r.SkyAtmosphere.FastSkyLUT.SampleCountMin:4.0]]
[2020.12.05-01.49.41:524][  0]LogConfig: Setting CVar [[r.SkyAtmosphere.FastSkyLUT.SampleCountMax:32.0]]
[2020.12.05-01.49.41:524][  0]LogConfig: Setting CVar [[r.SkyAtmosphere.SampleCountMin:4.0]]
[2020.12.05-01.49.41:524][  0]LogConfig: Setting CVar [[r.SkyAtmosphere.SampleCountMax:32.0]]
[2020.12.05-01.49.41:524][  0]LogConfig: Setting CVar [[r.SkyAtmosphere.TransmittanceLUT.UseSmallFormat:0]]
[2020.12.05-01.49.41:524][  0]LogConfig: Setting CVar [[r.SkyAtmosphere.TransmittanceLUT.SampleCount:10.0]]
[2020.12.05-01.49.41:524][  0]LogConfig: Setting CVar [[r.SkyAtmosphere.MultiScatteringLUT.SampleCount:15.0]]
[2020.12.05-01.49.41:524][  0]LogConfig: Applying CVar settings from Section [FoliageQuality@3] File [C:/Users/Niven/Documents/GitHub/UnrealEngineCOSC471/COSC471Game/Saved/Config/Windows/Scalability.ini]
[2020.12.05-01.49.41:524][  0]LogConfig: Setting CVar [[foliage.DensityScale:1.0]]
[2020.12.05-01.49.41:524][  0]LogConfig: Setting CVar [[grass.DensityScale:1.0]]
[2020.12.05-01.49.41:524][  0]LogConfig: Applying CVar settings from Section [ShadingQuality@3] File [C:/Users/Niven/Documents/GitHub/UnrealEngineCOSC471/COSC471Game/Saved/Config/Windows/Scalability.ini]
[2020.12.05-01.49.41:524][  0]LogConfig: Setting CVar [[r.HairStrands.SkyLighting.SampleCount:16]]
[2020.12.05-01.49.41:524][  0]LogConfig: Setting CVar [[r.HairStrands.SkyLighting.JitterIntegration:0]]
[2020.12.05-01.49.41:524][  0]LogConfig: Setting CVar [[r.HairStrands.SkyAO.SampleCount:16]]
[2020.12.05-01.49.41:524][  0]LogConfig: Setting CVar [[r.HairStrands.DeepShadow.SuperSampling:0]]
[2020.12.05-01.49.41:524][  0]LogConfig: Setting CVar [[r.HairStrands.VisibilityPPLL:0]]
[2020.12.05-01.49.41:524][  0]LogConfig: Setting CVar [[r.HairStrands.RasterizationScale:0.5]]
[2020.12.05-01.49.41:524][  0]LogConfig: Setting CVar [[r.HairStrands.VelocityRasterizationScale:1]]
[2020.12.05-01.49.41:524][  0]LogConfig: Applying CVar settings from Section [Startup] File [../../../Engine/Config/ConsoleVariables.ini]
[2020.12.05-01.49.41:524][  0]LogConfig: Setting CVar [[net.UseAdaptiveNetUpdateFrequency:0]]
[2020.12.05-01.49.41:524][  0]LogConfig: Setting CVar [[p.chaos.AllowCreatePhysxBodies:1]]
[2020.12.05-01.49.41:524][  0]LogConfig: Setting CVar [[fx.SkipVectorVMBackendOptimizations:1]]
[2020.12.05-01.49.41:524][  0]LogConfig: Applying CVar settings from Section [ConsoleVariables] File [C:/Users/Niven/Documents/GitHub/UnrealEngineCOSC471/COSC471Game/Saved/Config/Windows/Engine.ini]
[2020.12.05-01.49.41:524][  0]LogInit: Computer: DESKTOP-BQ6S3GH
[2020.12.05-01.49.41:524][  0]LogInit: User: Niven
[2020.12.05-01.49.41:524][  0]LogInit: CPU Page size=4096, Cores=4
[2020.12.05-01.49.41:524][  0]LogInit: High frequency timer resolution =10.000000 MHz
[2020.12.05-01.49.41:524][  0]LogMemory: Memory total: Physical=15.9GB (16GB approx)
[2020.12.05-01.49.41:524][  0]LogMemory: Platform Memory Stats for Windows
[2020.12.05-01.49.41:524][  0]LogMemory: Process Physical Memory: 113.21 MB used, 113.22 MB peak
[2020.12.05-01.49.41:524][  0]LogMemory: Process Virtual Memory: 96.00 MB used, 96.00 MB peak
[2020.12.05-01.49.41:524][  0]LogMemory: Physical Memory: 6957.73 MB used,  9351.13 MB free, 16308.86 MB total
[2020.12.05-01.49.41:524][  0]LogMemory: Virtual Memory: 5143.06 MB used,  134212584.00 MB free, 134217728.00 MB total
[2020.12.05-01.49.41:528][  0]LogWindows: WindowsPlatformFeatures enabled
[2020.12.05-01.49.41:548][  0]LogInit: Physics initialised using underlying interface: PhysX
[2020.12.05-01.49.41:549][  0]LogInit: Using OS detected language (en-US).
[2020.12.05-01.49.41:549][  0]LogInit: Using OS detected locale (en-US).
[2020.12.05-01.49.41:551][  0]LogTextLocalizationManager: No specific localization for 'en-US' exists, so the 'en' localization will be used.
[2020.12.05-01.49.41:686][  0]LogInit: Setting process to per monitor DPI aware
[2020.12.05-01.49.41:719][  0]LogSlate: New Slate User Created.  User Index 0, Is Virtual User: 0
[2020.12.05-01.49.41:719][  0]LogSlate: Slate User Registered.  User Index 0, Is Virtual User: 0
[2020.12.05-01.49.41:814][  0]LogHMD: Failed to initialize OpenVR with code 110
[2020.12.05-01.49.41:814][  0]LogD3D11RHI: D3D11 min allowed feature level: 11_0
[2020.12.05-01.49.41:814][  0]LogD3D11RHI: D3D11 max allowed feature level: 11_0
[2020.12.05-01.49.41:814][  0]LogD3D11RHI: D3D11 adapters:
[2020.12.05-01.49.41:846][  0]LogD3D11RHI:    0. 'Radeon RX 580 Series' (Feature Level 11_0)
[2020.12.05-01.49.41:846][  0]LogD3D11RHI:       8172/0/8154 MB DedicatedVideo/DedicatedSystem/SharedSystem, Outputs:2, VendorId:0x1002
[2020.12.05-01.49.41:849][  0]LogD3D11RHI:    1. 'Microsoft Basic Render Driver' (Feature Level 11_0)
[2020.12.05-01.49.41:849][  0]LogD3D11RHI:       0/0/8154 MB DedicatedVideo/DedicatedSystem/SharedSystem, Outputs:0, VendorId:0x1414
[2020.12.05-01.49.41:849][  0]LogD3D11RHI: Chosen D3D11 Adapter: 0
[2020.12.05-01.49.41:856][  0]LogD3D11RHI: Creating new Direct3DDevice
[2020.12.05-01.49.41:856][  0]LogD3D11RHI:     GPU DeviceId: 0x67df (for the marketing name, search the web for "GPU Device Id")
[2020.12.05-01.49.41:856][  0]LogWindows: EnumDisplayDevices:
[2020.12.05-01.49.41:856][  0]LogWindows:    0. 'Radeon RX 580 Series' (P:0 D:1)
[2020.12.05-01.49.41:856][  0]LogWindows:    1. 'Radeon RX 580 Series' (P:1 D:1)
[2020.12.05-01.49.41:857][  0]LogWindows:    2. 'Radeon RX 580 Series' (P:0 D:0)
[2020.12.05-01.49.41:857][  0]LogWindows:    3. 'Radeon RX 580 Series' (P:0 D:0)
[2020.12.05-01.49.41:857][  0]LogWindows:    4. 'Radeon RX 580 Series' (P:0 D:0)
[2020.12.05-01.49.41:857][  0]LogWindows:    5. 'Radeon RX 580 Series' (P:0 D:0)
[2020.12.05-01.49.41:858][  0]LogWindows:    6. 'Radeon RX 580 Series' (P:0 D:0)
[2020.12.05-01.49.41:858][  0]LogWindows:    7. 'Radeon RX 580 Series' (P:0 D:0)
[2020.12.05-01.49.41:858][  0]LogWindows: DebugString: FoundDriverCount:8 
[2020.12.05-01.49.41:858][  0]LogD3D11RHI:     Adapter Name: Radeon RX 580 Series
[2020.12.05-01.49.41:858][  0]LogD3D11RHI:   Driver Version: Adrenalin 2020 20.2.1 (internal:26.20.15019.1003, unified:26.20.15019.1003)
[2020.12.05-01.49.41:858][  0]LogD3D11RHI:      Driver Date: 1-30-2020
[2020.12.05-01.49.41:858][  0]LogRHI: Texture pool is 4862 MB (70% of 6946 MB)
[2020.12.05-01.49.41:930][  0]LogD3D11RHI: RHI has support for 64 bit atomics
[2020.12.05-01.49.41:930][  0]LogD3D11RHI: Async texture creation enabled
[2020.12.05-01.49.41:930][  0]LogD3D11RHI: Array index from any shader is supported
[2020.12.05-01.49.41:941][  0]LogD3D11RHI: GPU Timing Frequency: 25.000000 (Debug: 2 1)
[2020.12.05-01.49.42:167][  0]LogTargetPlatformManager: Display: Loaded TargetPlatform 'AllDesktop'
[2020.12.05-01.49.42:183][  0]LogTargetPlatformManager: Display: Loaded TargetPlatform 'Android'
[2020.12.05-01.49.42:183][  0]LogTargetPlatformManager: Display: Loaded TargetPlatform 'Android_ASTC'
[2020.12.05-01.49.42:183][  0]LogTargetPlatformManager: Display: Loaded TargetPlatform 'Android_DXT'
[2020.12.05-01.49.42:183][  0]LogTargetPlatformManager: Display: Loaded TargetPlatform 'Android_ETC2'
[2020.12.05-01.49.42:183][  0]LogTargetPlatformManager: Display: Loaded TargetPlatform 'AndroidClient'
[2020.12.05-01.49.42:183][  0]LogTargetPlatformManager: Display: Loaded TargetPlatform 'Android_ASTCClient'
[2020.12.05-01.49.42:183][  0]LogTargetPlatformManager: Display: Loaded TargetPlatform 'Android_DXTClient'
[2020.12.05-01.49.42:183][  0]LogTargetPlatformManager: Display: Loaded TargetPlatform 'Android_ETC2Client'
[2020.12.05-01.49.42:183][  0]LogTargetPlatformManager: Display: Loaded TargetPlatform 'Android_Multi'
[2020.12.05-01.49.42:183][  0]LogTargetPlatformManager: Display: Loaded TargetPlatform 'Android_MultiClient'
[2020.12.05-01.49.42:199][  0]LogTargetPlatformManager: Display: Loaded TargetPlatform 'IOSClient'
[2020.12.05-01.49.42:199][  0]LogTargetPlatformManager: Display: Loaded TargetPlatform 'IOS'
[2020.12.05-01.49.42:207][  0]LogTargetPlatformManager: Display: Loaded TargetPlatform 'Linux'
[2020.12.05-01.49.42:213][  0]LogTargetPlatformManager: Display: Loaded TargetPlatform 'LinuxNoEditor'
[2020.12.05-01.49.42:220][  0]LogTargetPlatformManager: Display: Loaded TargetPlatform 'LinuxClient'
[2020.12.05-01.49.42:227][  0]LogTargetPlatformManager: Display: Loaded TargetPlatform 'LinuxServer'
[2020.12.05-01.49.42:234][  0]LogTargetPlatformManager: Display: Loaded TargetPlatform 'LinuxAArch64NoEditor'
[2020.12.05-01.49.42:240][  0]LogTargetPlatformManager: Display: Loaded TargetPlatform 'LinuxAArch64Client'
[2020.12.05-01.49.42:247][  0]LogTargetPlatformManager: Display: Loaded TargetPlatform 'LinuxAArch64Server'
[2020.12.05-01.49.42:265][  0]LogTargetPlatformManager: Display: Loaded TargetPlatform 'Lumin'
[2020.12.05-01.49.42:265][  0]LogTargetPlatformManager: Display: Loaded TargetPlatform 'LuminClient'
[2020.12.05-01.49.42:276][  0]LogTargetPlatformManager: Display: Loaded TargetPlatform 'TVOSClient'
[2020.12.05-01.49.42:276][  0]LogTargetPlatformManager: Display: Loaded TargetPlatform 'TVOS'
[2020.12.05-01.49.42:282][  0]LogTargetPlatformManager: Display: Loaded TargetPlatform 'WindowsNoEditor'
[2020.12.05-01.49.42:289][  0]LogTargetPlatformManager: Display: Loaded TargetPlatform 'Windows'
[2020.12.05-01.49.42:296][  0]LogTargetPlatformManager: Display: Loaded TargetPlatform 'WindowsClient'
[2020.12.05-01.49.42:302][  0]LogTargetPlatformManager: Display: Loaded TargetPlatform 'WindowsServer'
[2020.12.05-01.49.42:302][  0]LogTargetPlatformManager: Display: Building Assets For Windows
[2020.12.05-01.49.42:308][  0]LogAudioDebug: Display: Lib vorbis DLL was dynamically loaded.
[2020.12.05-01.49.42:348][  0]LogShaderCompilers: Guid format shader working directory is -18 characters bigger than the processId version (C:/Users/Niven/Documents/GitHub/UnrealEngineCOSC471/COSC471Game/Intermediate/Shaders/WorkingDirectory/19132/).
[2020.12.05-01.49.42:348][  0]LogShaderCompilers: Cleaned the shader compiler working directory 'C:/Users/Niven/AppData/Local/Temp/UnrealShaderWorkingDir/4D8672E04F1C246799EFE4B0DC94E66B/'.
[2020.12.05-01.49.42:348][  0]LogXGEController: Cannot use XGE Controller as Incredibuild is not installed on this machine.
[2020.12.05-01.49.42:348][  0]LogShaderCompilers: Cannot use XGE Shader Compiler as Incredibuild is not installed on this machine.
[2020.12.05-01.49.42:348][  0]LogShaderCompilers: Display: Using Local Shader Compiler.
[2020.12.05-01.49.42:943][  0]LogDerivedDataCache: Display: Max Cache Size: 512 MB
[2020.12.05-01.49.42:991][  0]LogDerivedDataCache: Loaded boot cache 0.05s 75MB C:/Users/Niven/AppData/Local/UnrealEngine/4.25/DerivedDataCache/Boot.ddc.
[2020.12.05-01.49.42:992][  0]LogDerivedDataCache: Display: Loaded Boot cache: C:/Users/Niven/AppData/Local/UnrealEngine/4.25/DerivedDataCache/Boot.ddc
[2020.12.05-01.49.42:992][  0]LogDerivedDataCache: FDerivedDataBackendGraph:  Pak pak cache file C:/Users/Niven/Documents/GitHub/UnrealEngineCOSC471/COSC471Game/DerivedDataCache/DDC.ddp not found, will not use a pak cache.
[2020.12.05-01.49.42:992][  0]LogDerivedDataCache: Unable to find inner node Pak for hierarchical cache Hierarchy.
[2020.12.05-01.49.42:992][  0]LogDerivedDataCache: FDerivedDataBackendGraph:  CompressedPak pak cache file C:/Users/Niven/Documents/GitHub/UnrealEngineCOSC471/COSC471Game/DerivedDataCache/Compressed.ddp not found, will not use a pak cache.
[2020.12.05-01.49.42:992][  0]LogDerivedDataCache: Unable to find inner node CompressedPak for hierarchical cache Hierarchy.
[2020.12.05-01.49.43:000][  0]LogDerivedDataCache: Display: Pak cache opened for reading ../../../Engine/DerivedDataCache/Compressed.ddp.
[2020.12.05-01.49.43:000][  0]LogDerivedDataCache: FDerivedDataBackendGraph:  EnterprisePak pak cache file ../../../Enterprise/DerivedDataCache/Compressed.ddp not found, will not use a pak cache.
[2020.12.05-01.49.43:000][  0]LogDerivedDataCache: Unable to find inner node EnterprisePak for hierarchical cache Hierarchy.
[2020.12.05-01.49.43:001][  0]LogDerivedDataCache: Using Local data cache path C:/Users/Niven/AppData/Local/UnrealEngine/Common/DerivedDataCache: Writable
[2020.12.05-01.49.43:001][  0]LogDerivedDataCache: Shared data cache path not found in *engine.ini, will not use an Shared cache.
[2020.12.05-01.49.43:001][  0]LogDerivedDataCache: Unable to find inner node Shared for hierarchical cache Hierarchy.
[2020.12.05-01.49.43:040][  0]LogSlate: Using FreeType 2.10.0
[2020.12.05-01.49.43:040][  0]LogSlate: SlateFontServices - WITH_FREETYPE: 1, WITH_HARFBUZZ: 1
[2020.12.05-01.49.43:058][  0]LogAssetRegistry: FAssetRegistry took 0.0019 seconds to start up
[2020.12.05-01.49.43:243][  0]LogInit: Selected Device Profile: [Windows]
[2020.12.05-01.49.43:329][  0]LogMeshReduction: Using QuadricMeshReduction for automatic static mesh reduction
[2020.12.05-01.49.43:329][  0]LogMeshReduction: Using SimplygonMeshReduction for automatic skeletal mesh reduction
[2020.12.05-01.49.43:329][  0]LogMeshReduction: Using ProxyLODMeshReduction for automatic mesh merging
[2020.12.05-01.49.43:329][  0]LogMeshReduction: No distributed automatic mesh merging module available
[2020.12.05-01.49.43:329][  0]LogMeshMerging: No distributed automatic mesh merging module available
[2020.12.05-01.49.43:345][  0]LogNetVersion: COSC471Game 1.0.0, NetCL: 13144385, EngineNetVer: 14, GameNetVer: 0 (Checksum: 1304732175)
[2020.12.05-01.49.43:669][  0]LogAISub: UAISubsystem::UAISubsystem AISubsystem (0000029A6A0A8340), frame # 0
[2020.12.05-01.49.43:669][  0]LogAISub: UAISubsystem::UAISubsystem AIPerceptionSystem (0000029A6AFC4F40), frame # 0
[2020.12.05-01.49.43:670][  0]LogAISub: UAISubsystem::UAISubsystem EnvQueryManager (0000029A6A016000), frame # 0
[2020.12.05-01.49.43:723][  0]LogPackageLocalizationCache: Processed 19 localized package path(s) for 1 prioritized culture(s) in 0.049401 seconds
[2020.12.05-01.49.43:727][  0]LogUObjectArray: 15917 objects as part of root set at end of initial load.
[2020.12.05-01.49.43:727][  0]LogUObjectAllocator: 3965568 out of 0 bytes used by permanent object pool.
[2020.12.05-01.49.43:727][  0]LogUObjectArray: CloseDisregardForGC: 0/0 objects in disregard for GC pool
[2020.12.05-01.49.43:976][  0]LogTcpMessaging: Initializing TcpMessaging bridge
[2020.12.05-01.49.43:980][  0]LogUdpMessaging: Initializing bridge on interface 0.0.0.0:0 to multicast group 230.0.0.1:6666.
[2020.12.05-01.49.44:039][  0]SourceControl: Source control is disabled
[2020.12.05-01.49.44:040][  0]SourceControl: Source control is disabled
[2020.12.05-01.49.44:042][  0]SourceControl: Source control is disabled
[2020.12.05-01.49.44:044][  0]SourceControl: Source control is disabled
[2020.12.05-01.49.44:049][  0]SourceControl: Source control is disabled
[2020.12.05-01.49.44:228][  0]LogAndroidPermission: UAndroidPermissionCallbackProxy::GetInstance
[2020.12.05-01.49.44:244][  0]LogAudioCaptureCore: Display: No Audio Capture implementations found. Audio input will be silent.
[2020.12.05-01.49.44:244][  0]LogAudioCaptureCore: Display: No Audio Capture implementations found. Audio input will be silent.
[2020.12.05-01.49.44:282][  0]LogOcInput: OculusInput pre-init called
[2020.12.05-01.49.44:289][  0]LogWindows: Failed to load 'OVRPlugin.dll' (GetLastError=126)
[2020.12.05-01.49.44:289][  0]LogWindows: File 'OVRPlugin.dll' does not exist
[2020.12.05-01.49.44:338][  0]LogEngine: Initializing Engine...
[2020.12.05-01.49.44:339][  0]LogHMD: Failed to initialize OpenVR with code 110
[2020.12.05-01.49.44:339][  0]LogMagicLeap: Warning: VR disabled because ZI is not enabled.  To enable, in the editor, Edit -> Project Settings -> Plugins -> Magic Leap Plugin -> Enable Zero Iteration
[2020.12.05-01.49.44:340][  0]LogStats: UGameplayTagsManager::InitializeManager -  0.000 s
[2020.12.05-01.49.44:444][  0]LogInit: Initializing FReadOnlyCVARCache
[2020.12.05-01.49.44:450][  0]LogAIModule: Creating AISystem for world Untitled
[2020.12.05-01.49.44:451][  0]LogAISub: UAISubsystem::UAISubsystem EnvQueryManager (0000029A6EC38800), frame # 0
[2020.12.05-01.49.44:451][  0]LogAISub: UAISubsystem::UAISubsystem AIPerceptionSystem (0000029A6EC4D6C0), frame # 0
[2020.12.05-01.49.44:466][  0]LogAudioMixer: Display: Audio Mixer Platform Settings:
[2020.12.05-01.49.44:466][  0]LogAudioMixer: Display: 	Sample Rate:						  48000
[2020.12.05-01.49.44:466][  0]LogAudioMixer: Display: 	Callback Buffer Frame Size Requested: 1024
[2020.12.05-01.49.44:466][  0]LogAudioMixer: Display: 	Callback Buffer Frame Size To Use:	  1024
[2020.12.05-01.49.44:466][  0]LogAudioMixer: Display: 	Number of buffers to queue:			  2
[2020.12.05-01.49.44:466][  0]LogAudioMixer: Display: 	Max Channels (voices):				  32
[2020.12.05-01.49.44:466][  0]LogAudioMixer: Display: 	Number of Async Source Workers:		  0
[2020.12.05-01.49.44:466][  0]LogAudio: Display: AudioDevice MaxSources: 32
[2020.12.05-01.49.44:467][  0]LogAudio: Display: Using built-in audio occlusion.
[2020.12.05-01.49.44:467][  0]LogAudioMixer: Display: Initializing audio mixer.
[2020.12.05-01.49.44:477][  0]LogAudioMixer: Display: 0: FrontLeft
[2020.12.05-01.49.44:477][  0]LogAudioMixer: Display: 1: FrontRight
[2020.12.05-01.49.44:508][  0]LogAudioMixer: Display: Using Audio Device Headset Earphone (HyperX Virtual Surround Sound)
[2020.12.05-01.49.44:511][  0]LogAudioMixer: Display: Initializing Sound Submixes...
[2020.12.05-01.49.44:513][  0]LogAudioMixer: Display: Creating Master Submix 'MasterSubmixDefault'
[2020.12.05-01.49.44:513][  0]LogAudioMixer: Display: Creating Master Submix 'MasterReverbSubmixDefault'
[2020.12.05-01.49.44:513][  0]LogAudioMixer: Display: Creating Master Submix 'MasterEQSubmixDefault'
[2020.12.05-01.49.44:514][  0]LogInit: FAudioDevice initialized.
[2020.12.05-01.49.44:514][  0]LogNetVersion: Set ProjectVersion to 1.0.0.0. Version Checksum will be recalculated on next use.
[2020.12.05-01.49.44:608][  0]LogDerivedDataCache: Saved boot cache 0.09s 75MB C:/Users/Niven/AppData/Local/UnrealEngine/4.25/DerivedDataCache/Boot.ddc.
[2020.12.05-01.49.44:611][  0]LogInit: Texture streaming: Enabled
[2020.12.05-01.49.44:623][  0]LogEngineSessionManager: EngineSessionManager initialized
[2020.12.05-01.49.44:623][  0]LogEditorSessionSummary: Verbose: Initializing EditorSessionSummaryWriter for editor session tracking
[2020.12.05-01.49.44:624][  0]LogEditorSessionSummary: EditorSessionSummaryWriter initialized
[2020.12.05-01.49.44:659][  0]LogInit: Transaction tracking system initialized
[2020.12.05-01.49.44:673][  0]BlueprintLog: New page: Editor Load
[2020.12.05-01.49.44:726][  0]LocalizationService: Localization service is disabled
[2020.12.05-01.49.44:832][  0]LogCook: Display: Max memory allowance for cook 16384mb min free memory 0mb
[2020.12.05-01.49.44:832][  0]LogCook: Display: Mobile HDR setting 1
[2020.12.05-01.49.44:930][  0]LogFileCache: Scanning file cache for directory 'C:/Users/Niven/Documents/GitHub/UnrealEngineCOSC471/COSC471Game/Content/' took 0.01s
[2020.12.05-01.49.45:095][  0]SourceControl: Source control is disabled
[2020.12.05-01.49.45:221][  0]LogSlate: Took 0.000129 seconds to synchronously load lazily loaded font '../../../Engine/Content/Slate/Fonts/Roboto-Regular.ttf' (155K)
[2020.12.05-01.49.53:329][  0]LogSlate: Window 'Restore Packages' being destroyed
[2020.12.05-01.49.53:329][  0]LogWindowsTextInputMethodSystem: Display: IME system now deactivated.
[2020.12.05-01.49.53:341][  0]LogWindowsTextInputMethodSystem: Display: IME system now deactivated.
[2020.12.05-01.49.53:341][  0]LogUnrealEdMisc: Loading editor; pre map load, took 12.906
[2020.12.05-01.49.53:342][  0]Cmd: MAP LOAD FILE="C:/Users/Niven/Documents/GitHub/UnrealEngineCOSC471/COSC471Game/Content/FirstPersonBP/Maps/FirstPersonExampleMap.umap" TEMPLATE=0 SHOWPROGRESS=1 FEATURELEVEL=3
[2020.12.05-01.49.53:342][  0]LightingResults: New page: Lighting Build
[2020.12.05-01.49.53:343][  0]LogWorld: UWorld::CleanupWorld for Untitled, bSessionEnded=true, bCleanupResources=true
[2020.12.05-01.49.53:343][  0]LogSlate: InvalidateAllWidgets triggered.  All widgets were invalidated
[2020.12.05-01.49.53:343][  0]MapCheck: New page: Map Check
[2020.12.05-01.49.53:343][  0]LightingResults: New page: Lighting Build
[2020.12.05-01.49.53:352][  0]LogAISub: UAISubsystem::~UAISubsystem EnvQueryManager (0000029A6EC38800), frame # 0
[2020.12.05-01.49.53:352][  0]LogAISub: UAISubsystem::~UAISubsystem AIPerceptionSystem (0000029A6EC4D6C0), frame # 0
[2020.12.05-01.49.53:353][  0]LogUObjectHash: Compacting FUObjectHashTables data took   0.96ms
[2020.12.05-01.49.53:635][  0]LogAIModule: Creating AISystem for world FirstPersonExampleMap
[2020.12.05-01.49.53:635][  0]LogAISub: UAISubsystem::UAISubsystem EnvQueryManager (0000029A76813E00), frame # 0
[2020.12.05-01.49.53:635][  0]LogAISub: UAISubsystem::UAISubsystem AIPerceptionSystem (0000029A5ECDC180), frame # 0
[2020.12.05-01.49.53:718][  0]LogEditorServer: Finished looking for orphan Actors (0.000 secs)
[2020.12.05-01.49.53:744][  0]LogUObjectHash: Compacting FUObjectHashTables data took   1.67ms
[2020.12.05-01.49.53:744][  0]Cmd: MAP CHECKDEP NOCLEARLOG
[2020.12.05-01.49.53:745][  0]MapCheck: Map check complete: 0 Error(s), 0 Warning(s), took 0.287ms to complete.
[2020.12.05-01.49.53:745][  0]LogFileHelpers: Loading map 'FirstPersonExampleMap' took 0.404
[2020.12.05-01.49.53:750][  0]LogUnrealEdMisc: Total Editor Startup Time, took 13.316
[2020.12.05-01.49.53:831][  0]LogSlate: Updating window title bar state: overlay mode, drag disabled, window buttons hidden, title bar hidden
[2020.12.05-01.49.53:836][  0]LogSlate: Updating window title bar state: overlay mode, drag disabled, window buttons hidden, title bar hidden
[2020.12.05-01.49.53:841][  0]LogSlate: Updating window title bar state: overlay mode, drag disabled, window buttons hidden, title bar hidden
[2020.12.05-01.49.53:846][  0]LogSlate: Updating window title bar state: overlay mode, drag disabled, window buttons hidden, title bar hidden
[2020.12.05-01.49.53:850][  0]LogCollectionManager: Loaded 0 collections in 0.000568 seconds
[2020.12.05-01.49.53:859][  0]LogFileCache: Scanning file cache for directory 'C:/Users/Niven/Documents/GitHub/UnrealEngineCOSC471/COSC471Game/Saved/Collections/' took 0.00s
[2020.12.05-01.49.53:859][  0]LogFileCache: Scanning file cache for directory 'C:/Users/Niven/Documents/GitHub/UnrealEngineCOSC471/COSC471Game/Content/Developers/Niven/Collections/' took 0.00s
[2020.12.05-01.49.53:859][  0]LogFileCache: Scanning file cache for directory 'C:/Users/Niven/Documents/GitHub/UnrealEngineCOSC471/COSC471Game/Content/Collections/' took 0.00s
[2020.12.05-01.49.53:859][  0]LogContentBrowser: Native class hierarchy populated in 0.0065 seconds. Added 3427 classes and 821 folders.
[2020.12.05-01.49.53:860][  0]LogContentBrowser: Native class hierarchy updated for 'WidgetCarousel' in 0.0002 seconds. Added 0 classes and 0 folders.
[2020.12.05-01.49.53:890][  0]LogContentBrowser: Native class hierarchy updated for 'AddContentDialog' in 0.0002 seconds. Added 0 classes and 0 folders.
[2020.12.05-01.49.53:890][  0]LogContentBrowser: Native class hierarchy updated for 'SceneOutliner' in 0.0002 seconds. Added 2 classes and 0 folders.
[2020.12.05-01.49.53:932][  0]LogSlate: Took 0.000147 seconds to synchronously load lazily loaded font '../../../Engine/Content/Slate/Fonts/Roboto-Bold.ttf' (160K)
[2020.12.05-01.49.53:935][  0]LogSlate: Took 0.000110 seconds to synchronously load lazily loaded font '../../../Engine/Content/Editor/Slate/Fonts/FontAwesome.ttf' (139K)
[2020.12.05-01.49.53:970][  0]LogRenderer: Reallocating scene render targets to support 1216x572 Format 10 NumSamples 1 (Frame:1).
[2020.12.05-01.49.54:040][  0]LogContentBrowser: Native class hierarchy updated for 'HierarchicalLODOutliner' in 0.0002 seconds. Added 0 classes and 0 folders.
[2020.12.05-01.49.54:040][  0]LogLoad: (Engine Initialization) Total time: 13.61 seconds
[2020.12.05-01.49.54:040][  0]LogLoad: (Engine Initialization) Total Blueprint compile time: 0.00 seconds
[2020.12.05-01.49.54:070][  0]LogAssetRegistry: Asset discovery search completed in 11.0122 seconds
[2020.12.05-01.49.54:073][  0]LogCollectionManager: Fixed up redirectors for 0 collections in 0.000002 seconds (updated 0 objects)
[2020.12.05-01.49.54:080][  0]LogContentStreaming: Texture pool size now 1000 MB
[2020.12.05-01.49.54:099][  0]LogSlate: Took 0.000126 seconds to synchronously load lazily loaded font '../../../Engine/Content/Slate/Fonts/Roboto-Light.ttf' (167K)
[2020.12.05-01.50.08:813][490]LogEditorViewport: Clicking on Actor (context menu): Landscape (Landscape)
[2020.12.05-01.50.09:616][565]LogTemp: Repeating last play command: Selected Viewport
[2020.12.05-01.50.09:628][565]LogPlayLevel: PlayLevel: No blueprints needed recompiling
[2020.12.05-01.50.09:628][565]PIE: New page: PIE session: FirstPersonExampleMap (Dec 4, 2020, 3:50:09 PM)
[2020.12.05-01.50.09:629][565]LogOnline: OSS: Creating online subsystem instance for: NULL
[2020.12.05-01.50.09:630][565]LogOnline: OSS: TryLoadSubsystemAndSetDefault: Loaded subsystem for module [NULL]
[2020.12.05-01.50.09:630][565]LogPlayLevel: Creating play world package: /Game/FirstPersonBP/Maps/UEDPIE_0_FirstPersonExampleMap
[2020.12.05-01.50.09:652][565]LogPlayLevel: PIE: StaticDuplicateObject took: (0.021570s)
[2020.12.05-01.50.09:653][565]LogAIModule: Creating AISystem for world FirstPersonExampleMap
[2020.12.05-01.50.09:653][565]LogAISub: UAISubsystem::UAISubsystem EnvQueryManager (0000029A14E29400), frame # 1565
[2020.12.05-01.50.09:653][565]LogAISub: UAISubsystem::UAISubsystem AIPerceptionSystem (0000029A5EE68CC0), frame # 1565
[2020.12.05-01.50.09:653][565]LogPlayLevel: PIE: World Init took: (0.001146s)
[2020.12.05-01.50.09:653][565]LogPlayLevel: PIE: Created PIE world by copying editor world from /Game/FirstPersonBP/Maps/FirstPersonExampleMap.FirstPersonExampleMap to /Game/FirstPersonBP/Maps/UEDPIE_0_FirstPersonExampleMap.FirstPersonExampleMap (0.022925s)
[2020.12.05-01.50.09:660][565]LogUObjectHash: Compacting FUObjectHashTables data took   0.46ms
[2020.12.05-01.50.09:662][565]LogAudioMixer: Display: Audio Mixer Platform Settings:
[2020.12.05-01.50.09:662][565]LogAudioMixer: Display: 	Sample Rate:						  48000
[2020.12.05-01.50.09:662][565]LogAudioMixer: Display: 	Callback Buffer Frame Size Requested: 1024
[2020.12.05-01.50.09:662][565]LogAudioMixer: Display: 	Callback Buffer Frame Size To Use:	  1024
[2020.12.05-01.50.09:662][565]LogAudioMixer: Display: 	Number of buffers to queue:			  2
[2020.12.05-01.50.09:662][565]LogAudioMixer: Display: 	Max Channels (voices):				  32
[2020.12.05-01.50.09:662][565]LogAudioMixer: Display: 	Number of Async Source Workers:		  0
[2020.12.05-01.50.09:662][565]LogAudio: Display: AudioDevice MaxSources: 32
[2020.12.05-01.50.09:662][565]LogAudio: Display: Using built-in audio occlusion.
[2020.12.05-01.50.09:662][565]LogAudioMixer: Display: Initializing audio mixer.
[2020.12.05-01.50.09:666][565]LogAudioMixer: Display: 0: FrontLeft
[2020.12.05-01.50.09:666][565]LogAudioMixer: Display: 1: FrontRight
[2020.12.05-01.50.09:678][565]LogAudioMixer: Display: Using Audio Device Headset Earphone (HyperX Virtual Surround Sound)
[2020.12.05-01.50.09:679][565]LogAudioMixer: Display: Initializing Sound Submixes...
[2020.12.05-01.50.09:679][565]LogAudioMixer: Display: Creating Master Submix 'MasterSubmixDefault'
[2020.12.05-01.50.09:679][565]LogAudioMixer: Display: Creating Master Submix 'MasterReverbSubmixDefault'
[2020.12.05-01.50.09:679][565]LogAudioMixer: Display: Creating Master Submix 'MasterEQSubmixDefault'
[2020.12.05-01.50.09:689][565]LogInit: FAudioDevice initialized.
[2020.12.05-01.50.09:698][565]LogLoad: Game class is 'FirstPersonGameMode_C'
[2020.12.05-01.50.09:701][565]LogWorld: Bringing World /Game/FirstPersonBP/Maps/UEDPIE_0_FirstPersonExampleMap.FirstPersonExampleMap up for play (max tick rate 0) at 2020.12.04-20.50.09
[2020.12.05-01.50.09:701][565]LogWorld: Bringing up level for play took: 0.001583
[2020.12.05-01.50.09:701][565]LogOnline: OSS: Creating online subsystem instance for: :Context_2
[2020.12.05-01.50.09:705][565]LogContentBrowser: Native class hierarchy updated for 'MovieSceneCapture' in 0.0003 seconds. Added 20 classes and 0 folders.
[2020.12.05-01.50.09:706][565]PIE: Server logged in
[2020.12.05-01.50.09:708][565]PIE: Play in editor total start time 0.08 seconds.
[2020.12.05-01.50.11:313][746]LogSlate: Updating window title bar state: overlay mode, drag disabled, window buttons hidden, title bar hidden
[2020.12.05-01.50.11:314][746]LogWorld: BeginTearingDown for /Game/FirstPersonBP/Maps/UEDPIE_0_FirstPersonExampleMap
[2020.12.05-01.50.11:314][746]LogWorld: UWorld::CleanupWorld for FirstPersonExampleMap, bSessionEnded=true, bCleanupResources=true
[2020.12.05-01.50.11:314][746]LogSlate: InvalidateAllWidgets triggered.  All widgets were invalidated
[2020.12.05-01.50.11:324][746]LogPlayLevel: Display: Shutting down PIE online subsystems
[2020.12.05-01.50.11:325][746]LogSlate: InvalidateAllWidgets triggered.  All widgets were invalidated
[2020.12.05-01.50.11:344][746]LogSlate: Updating window title bar state: overlay mode, drag disabled, window buttons hidden, title bar hidden
[2020.12.05-01.50.11:344][746]LogAISub: UAISubsystem::~UAISubsystem AIPerceptionSystem (0000029A5EE68CC0), frame # 1746
[2020.12.05-01.50.11:344][746]LogAISub: UAISubsystem::~UAISubsystem EnvQueryManager (0000029A14E29400), frame # 1746
[2020.12.05-01.50.11:345][746]LogUObjectHash: Compacting FUObjectHashTables data took   0.48ms
[2020.12.05-01.50.11:388][748]LogPlayLevel: Display: Destroying online subsystem :Context_2
[2020.12.05-01.50.26:668][503]LogSlate: Window 'Source Control Login' being destroyed
[2020.12.05-01.51.08:166][292]LogActorFactory: Actor Factory created Cylinder
[2020.12.05-01.51.08:519][332]LogActorFactory: Actor Factory created Cylinder
[2020.12.05-01.51.10:630][569]LogSlate: Took 0.000127 seconds to synchronously load lazily loaded font '../../../Engine/Content/Slate/Fonts/Roboto-Light.ttf' (167K)
[2020.12.05-01.51.10:660][569]LogUObjectHash: Compacting FUObjectHashTables data took   0.80ms
[2020.12.05-01.51.10:730][569]LogSavePackage: Moving 'C:/Users/Niven/Documents/GitHub/UnrealEngineCOSC471/COSC471Game/Saved/FirstPersonExampleMapE1A3D9414FA0E9DE44ADC1A64705113D.tmp' to 'C:/Users/Niven/Documents/GitHub/UnrealEngineCOSC471/COSC471Game/Content/FirstPersonBP/Maps/FirstPersonExampleMap.umap'
[2020.12.05-01.51.10:957][569]LogSavePackage: Moving 'C:/Users/Niven/Documents/GitHub/UnrealEngineCOSC471/COSC471Game/Saved/FirstPersonExampleMap_BuiltData67E5667544F19C9AD651DE95873DF041.tmp' to 'C:/Users/Niven/Documents/GitHub/UnrealEngineCOSC471/COSC471Game/Content/FirstPersonBP/Maps/FirstPersonExampleMap_BuiltData.uasset'
[2020.12.05-01.51.10:964][569]AssetCheck: New page: Asset Save: multiple assets
[2020.12.05-01.51.10:964][569]LogContentValidation: Display: Validating World /Game/FirstPersonBP/Maps/FirstPersonExampleMap.FirstPersonExampleMap
[2020.12.05-01.51.10:964][569]LogContentValidation: Display: Validating MapBuildDataRegistry /Game/FirstPersonBP/Maps/FirstPersonExampleMap_BuiltData.FirstPersonExampleMap_BuiltData
[2020.12.05-01.53.16:410][957]LogUObjectHash: Compacting FUObjectHashTables data took   0.26ms
[2020.12.05-01.53.16:493][957]LogSavePackage: Moving 'C:/Users/Niven/Documents/GitHub/UnrealEngineCOSC471/COSC471Game/Saved/FirstPersonExampleMap73BC34D24865372425CDDFB040160162.tmp' to 'C:/Users/Niven/Documents/GitHub/UnrealEngineCOSC471/COSC471Game/Content/FirstPersonBP/Maps/FirstPersonExampleMap.umap'
[2020.12.05-01.53.16:725][957]LogSavePackage: Moving 'C:/Users/Niven/Documents/GitHub/UnrealEngineCOSC471/COSC471Game/Saved/FirstPersonExampleMap_BuiltData79D4707940CC15A6710BA983CDFFC0AE.tmp' to 'C:/Users/Niven/Documents/GitHub/UnrealEngineCOSC471/COSC471Game/Content/FirstPersonBP/Maps/FirstPersonExampleMap_BuiltData.uasset'
[2020.12.05-01.53.16:732][957]AssetCheck: New page: Asset Save: multiple assets
[2020.12.05-01.53.16:732][957]LogContentValidation: Display: Validating World /Game/FirstPersonBP/Maps/FirstPersonExampleMap.FirstPersonExampleMap
[2020.12.05-01.53.16:732][957]LogContentValidation: Display: Validating MapBuildDataRegistry /Game/FirstPersonBP/Maps/FirstPersonExampleMap_BuiltData.FirstPersonExampleMap_BuiltData
[2020.12.05-01.53.18:436][145]MapCheck: New page: Map Check
[2020.12.05-01.53.18:456][145]Cmd: MAP REBUILD ALLVISIBLE
[2020.12.05-01.53.18:456][145]LogEditorServer: Rebuildmap Clear paths rebuilt
[2020.12.05-01.53.18:462][145]LogWorld: UWorld::CleanupWorld for FirstPersonExampleMap, bSessionEnded=true, bCleanupResources=false
[2020.12.05-01.53.18:481][145]LogNavigationDataBuild: Display: UNavigationSystemV1::Build started...
[2020.12.05-01.53.18:481][145]LogNavigationDataBuild: Display:    Building navigation data using PHYSICS_INTERFACE_PHYSX.
[2020.12.05-01.53.18:481][145]LogNavigationDataBuild: Display:    Building navigation data using WITH_PHYSX.
[2020.12.05-01.53.18:491][145]LogUObjectHash: Compacting FUObjectHashTables data took   0.49ms
[2020.12.05-01.53.18:496][145]LogMaterial: Display: Missing cached shader map for material DebugViewMode MaterialTexCoordScale, compiling. 
[2020.12.05-01.53.18:500][145]LogMaterial: Display: Missing cached shader map for material DebugViewMode MaterialTexCoordScale, compiling. 
[2020.12.05-01.53.18:502][145]LogMaterial: Display: Missing cached shader map for material DebugViewMode MaterialTexCoordScale, compiling. 
[2020.12.05-01.53.18:503][145]LogMaterial: Display: Missing cached shader map for material DebugViewMode MaterialTexCoordScale, compiling. 
[2020.12.05-01.53.18:504][145]LogMaterial: Display: Missing cached shader map for material DebugViewMode MaterialTexCoordScale, compiling. 
[2020.12.05-01.53.18:506][145]LogMaterial: Display: Missing cached shader map for material DebugViewMode MaterialTexCoordScale, compiling. 
[2020.12.05-01.53.20:189][145]LogShaderCompilers: Display: Worker (1/5): shaders left to compile 10
[2020.12.05-01.53.20:189][145]LogShaderCompilers: Display: Worker (2/5): shaders left to compile 9
[2020.12.05-01.53.20:189][145]LogShaderCompilers: Display: Worker (3/5): shaders left to compile 8
[2020.12.05-01.53.20:189][145]LogShaderCompilers: Display: Worker (4/5): shaders left to compile 7
[2020.12.05-01.53.20:189][145]LogShaderCompilers: Display: Worker (3/5): shaders left to compile 8
[2020.12.05-01.53.20:189][145]LogShaderCompilers: Display: Worker (4/5): shaders left to compile 7
[2020.12.05-01.53.20:189][145]LogShaderCompilers: Display: Worker (2/5): shaders left to compile 6
[2020.12.05-01.53.20:189][145]LogShaderCompilers: Display: Worker (3/5): shaders left to compile 5
[2020.12.05-01.53.20:189][145]LogShaderCompilers: Display: Worker (1/5): shaders left to compile 4
[2020.12.05-01.53.20:189][145]LogShaderCompilers: Display: Worker (2/5): shaders left to compile 3
[2020.12.05-01.53.20:189][145]LogShaderCompilers: Display: Worker (4/5): shaders left to compile 2
[2020.12.05-01.53.20:189][145]LogShaderCompilers: Display: Worker (3/5): shaders left to compile 1
[2020.12.05-01.53.20:189][145]TextureStreamingBuild: Display: Compiling optional shaders took 1.697 seconds.
[2020.12.05-01.53.20:195][145]LogLevel: Display: Export Material TexCoord Scales took 0.006 seconds.
[2020.12.05-01.53.20:196][145]TextureStreamingBuild: Display: Build Texture Streaming took 0.001 seconds.
[2020.12.05-01.53.20:202][145]LogUObjectHash: Compacting FUObjectHashTables data took   0.17ms
[2020.12.05-01.53.20:221][145]LightingResults: New page: Lighting Build - Dec 4, 2020, 3:53:20 PM
[2020.12.05-01.53.20:265][145]LogSwarmInterface: [OpenConnection] Registering TCP channel ...
[2020.12.05-01.53.20:311][145]LogSwarmInterface: [OpenConnection] Connecting to agent ...
[2020.12.05-01.53.20:321][145]LogSwarmInterface: [TryOpenConnection] Testing the Agent
[2020.12.05-01.53.20:828][145]LogSwarmInterface: [TryOpenConnection] Opening Connection to Agent
[2020.12.05-01.53.20:829][145]LogSwarmInterface: [TryOpenConnection] Local Process ID is 19132
[2020.12.05-01.53.27:334][145]LogStaticLightingSystem: Running Lightmass w/ ImmediateImport mode ENABLED
[2020.12.05-01.53.27:334][145]LogStaticLightingSystem: Running Lightmass w/ ImmediateProcess mode ENABLED
[2020.12.05-01.53.27:334][145]LogStaticLightingSystem: Running Lightmass w/ Sorting mode ENABLED
[2020.12.05-01.53.27:334][145]LogStaticLightingSystem: Running Lightmass w/ Mapping paddings ENABLED
[2020.12.05-01.53.27:334][145]LogStaticLightingSystem: Running Lightmass w/ Mapping debug paddings DISABLED
[2020.12.05-01.53.27:479][145]Cmd: MAP CHECK DONTDISPLAYDIALOG
[2020.12.05-01.53.27:479][145]MapCheck: New page: FirstPersonExampleMap - Dec 4, 2020, 3:53:27 PM
[2020.12.05-01.53.27:479][145]MapCheck: Error: WorldInfo_0 Maps need lighting rebuilt 
[2020.12.05-01.53.27:479][145]MapCheck: Map check complete: 1 Error(s), 0 Warning(s), took 0.355ms to complete.
[2020.12.05-01.53.27:482][145]LogEditorBuildUtils: Build time 0:09
[2020.12.05-01.53.27:634][145]LogSlate: Took 0.000146 seconds to synchronously load lazily loaded font '../../../Engine/Content/Slate/Fonts/DroidSansMono.ttf' (77K)
[2020.12.05-01.53.28:722][161]LogUObjectHash: Compacting FUObjectHashTables data took   0.35ms
[2020.12.05-01.53.32:762][351]LogSlate: Window 'Message Log' being destroyed
[2020.12.05-01.53.32:769][351]LogSlate: Window 'Message Log' being destroyed
[2020.12.05-01.53.36:830][719]Job is a success!
[2020.12.05-01.53.36:973][719]LogVolumetricLightmapImport: Imported Volumetric Lightmap in 0.012s
[2020.12.05-01.53.36:973][719]LogVolumetricLightmapImport:      Indirection Texture 16x16x16 = 0.0Mb
[2020.12.05-01.53.36:973][719]LogVolumetricLightmapImport:      BrickData (all levels) 0.2Mb
[2020.12.05-01.53.36:973][719]LogVolumetricLightmapImport:      Bricks at depth
[2020.12.05-01.53.36:973][719]LogVolumetricLightmapImport:          0: 2.4% covering 100.0% of volume
[2020.12.05-01.53.36:973][719]LogVolumetricLightmapImport:          1: 9.8% covering 6.3% of volume
[2020.12.05-01.53.36:973][719]LogVolumetricLightmapImport:          2: 87.8% covering 0.9% of volume
[2020.12.05-01.53.36:973][719]LogVolumetricLightmapImport:      Bricks in each level
[2020.12.05-01.53.36:973][719]LogVolumetricLightmapImport:          FirstPersonExampleMap 			 41 bricks 	 100.0% (Persistent Level)
[2020.12.05-01.53.37:465][719]LogTexture: Display: Building textures: SkyOcclusion1_1 (AutoDXT, 512X256)
[2020.12.05-01.53.37:465][719]LogTexture: Display: Building textures: HQ_Lightmap1_1 (AutoDXT, 512X512)
[2020.12.05-01.53.37:465][719]LogTexture: Display: Building textures: LQ_Lightmap_1_1 (DXT1, 512X512)
[2020.12.05-01.53.37:465][719]LogTexture: Display: Building textures: SkyOcclusion1_2 (AutoDXT, 512X256)
[2020.12.05-01.53.37:465][719]LogTexture: Display: Building textures: HQ_Lightmap1_2 (AutoDXT, 512X512)
[2020.12.05-01.53.37:465][719]LogTexture: Display: Building textures: LQ_Lightmap_1_2 (DXT1, 512X512)
[2020.12.05-01.53.37:465][719]LogTexture: Display: Building textures: SkyOcclusion1_3 (AutoDXT, 512X256)
[2020.12.05-01.53.37:465][719]LogTexture: Display: Building textures: HQ_Lightmap1_3 (AutoDXT, 512X512)
[2020.12.05-01.53.37:465][719]LogTexture: Display: Building textures: LQ_Lightmap_1_3 (DXT1, 512X512)
[2020.12.05-01.53.37:465][719]LogTexture: Display: Building textures: SkyOcclusion1_4 (AutoDXT, 512X256)
[2020.12.05-01.53.37:465][719]LogTexture: Display: Building textures: HQ_Lightmap1_4 (AutoDXT, 512X512)
[2020.12.05-01.53.37:465][719]LogTexture: Display: Building textures: LQ_Lightmap_1_4 (DXT1, 512X512)
[2020.12.05-01.53.37:465][719]LogTexture: Display: Building textures: SkyOcclusion1_5 (AutoDXT, 128X64)
[2020.12.05-01.53.37:465][719]LogTexture: Display: Building textures: HQ_Lightmap1_5 (AutoDXT, 128X128)
[2020.12.05-01.53.37:465][719]LogTexture: Display: Building textures: LQ_Lightmap_1_5 (DXT1, 128X128)
[2020.12.05-01.53.37:465][719]LogTexture: Display: Building textures: HQ_Lightmap0_6 (AutoDXT, 64X64)
[2020.12.05-01.53.37:465][719]LogTexture: Display: Building textures: LQ_Lightmap_0_6 (DXT1, 64X64)
[2020.12.05-01.53.37:465][719]LogTexture: Display: Building textures: SkyOcclusion0_6 (AutoDXT, 64X32)
[2020.12.05-01.53.37:551][719]LogTexture: Display: Building textures: ShadowMapTexture2D_10 (G8, 32X32)
[2020.12.05-01.53.37:552][719]LogTexture: Display: Building textures: ShadowMapTexture2D_9 (G8, 64X64)
[2020.12.05-01.53.37:552][719]LogTexture: Display: Building textures: ShadowMapTexture2D_6 (G8, 1024X64)
[2020.12.05-01.53.37:552][719]LogTexture: Display: Building textures: ShadowMapTexture2D_8 (G8, 1024X64)
[2020.12.05-01.53.37:552][719]LogTexture: Display: Building textures: ShadowMapTexture2D_7 (G8, 1024X64)
[2020.12.05-01.53.37:552][719]LogTexture: Display: Building textures: ShadowMapTexture2D_5 (G8, 1024X128)
[2020.12.05-01.53.37:552][719]LogStaticLightingSystem: FirstPersonExampleMap_BuiltData storing lightmap data for 66 meshes in 6 LightmapResourceClusters (11.0 Meshes per cluster).
[2020.12.05-01.53.37:561][719]Lightmass on DESKTOP-BQ6S3GH: 8.32 sec total, 627 ms importing, 221 ms setup, 2.68 sec photons, 4.76 sec processing, 0 ms extra exporting [66/66 mappings]. Threads: 33.3 sec total, 21.1 sec processing.
[2020.12.05-01.53.37:569][719]LogUObjectHash: Compacting FUObjectHashTables data took   0.53ms
[2020.12.05-01.53.37:587][719]LogStaticLightingSystem: Illumination: 17.3 sec (484 ms encoding lightmaps, 28 ms encoding shadowmaps)
[2020.12.05-01.53.37:587][719]LogStaticLightingSystem: Lightmap texture memory:  2.7 MB (2.7 MB streaming, 0.0 MB non-streaming), 12 textures
[2020.12.05-01.53.37:587][719]LogStaticLightingSystem: Shadowmap texture memory: 0.4 MB (0.4 MB streaming, 0.0 MB non-streaming), 6 textures
[2020.12.05-01.53.38:344][719]DumpUnbuiltLightIteractions
[2020.12.05-01.53.38:344][719]Lights with unbuilt interactions: 0
[2020.12.05-01.53.38:344][719]
[2020.12.05-01.53.38:344][719]Primitives with unbuilt interactions: 0
[2020.12.05-01.53.38:459][720]Cmd: MAP CHECK NOTIFYRESULTS
[2020.12.05-01.53.38:459][720]MapCheck: New page: FirstPersonExampleMap - Dec 4, 2020, 3:53:38 PM
[2020.12.05-01.53.38:460][720]MapCheck: Map check complete: 0 Error(s), 0 Warning(s), took 0.299ms to complete.
